#
# There is insufficient memory for the Java Runtime Environment to continue.
# Native memory allocation (malloc) failed to allocate 626320 bytes for Chunk::new
# Possible reasons:
#   The system is out of physical RAM or swap space
#   The process is running with CompressedOops enabled, and the Java Heap may be blocking the growth of the native heap
# Possible solutions:
#   Reduce memory load on the system
#   Increase physical memory or swap space
#   Check if swap backing store is full
#   Decrease Java heap size (-Xmx/-Xms)
#   Decrease number of Java threads
#   Decrease Java thread stack sizes (-Xss)
#   Set larger code cache with -XX:ReservedCodeCacheSize=
#   JVM is running with Unscaled Compressed Oops mode in which the Java heap is
#     placed in the first 4GB address space. The Java Heap base address is the
#     maximum limit for the native heap growth. Please use -XX:HeapBaseMinAddress
#     to set the Java Heap base and to place the Java Heap above 4GB virtual address.
# This output file may be truncated or incomplete.
#
#  Out of Memory Error (./src/hotspot/share/memory/arena.cpp:197), pid=3568, tid=8364
#
# JRE version: OpenJDK Runtime Environment (11.0.12+7) (build 11.0.12+7-b1504.28-7817840)
# Java VM: OpenJDK 64-Bit Server VM (11.0.12+7-b1504.28-7817840, mixed mode, tiered, compressed oops, g1 gc, windows-amd64)
# No core dump will be written. Minidumps are not enabled by default on client versions of Windows
#

---------------  S U M M A R Y ------------

Command Line: --add-opens=java.base/java.util=ALL-UNNAMED --add-opens=java.base/java.lang=ALL-UNNAMED --add-opens=java.base/java.lang.invoke=ALL-UNNAMED --add-opens=java.base/java.util=ALL-UNNAMED --add-opens=java.prefs/java.util.prefs=ALL-UNNAMED --add-opens=java.prefs/java.util.prefs=ALL-UNNAMED --add-opens=java.base/java.nio.charset=ALL-UNNAMED --add-opens=java.base/java.net=ALL-UNNAMED --add-opens=java.base/java.util.concurrent.atomic=ALL-UNNAMED -Xmx2048m -Dfile.encoding=UTF-8 -Duser.country=IN -Duser.language=en -Duser.variant org.gradle.launcher.daemon.bootstrap.GradleDaemon 7.3.3

Host: AMD Ryzen 5 5500U with Radeon Graphics         , 12 cores, 7G,  Windows 10 , 64 bit Build 22000 (10.0.22000.708)
Time: Wed Nov 16 13:08:35 2022 India Standard Time elapsed time: 14.537777 seconds (0d 0h 0m 14s)

---------------  T H R E A D  ---------------

Current thread (0x000001a69d50a000):  JavaThread "C2 CompilerThread0" daemon [_thread_in_native, id=8364, stack(0x0000009d4fa00000,0x0000009d4fb00000)]


Current CompileTask:
C2:  14537 6892 %     4       org.gradle.internal.instantiation.generator.AbstractClassGenerator::inspectType @ 107 (560 bytes)

Stack: [0x0000009d4fa00000,0x0000009d4fb00000]
Native frames: (J=compiled Java code, j=interpreted, Vv=VM code, C=native code)
V  [jvm.dll+0x5fbcea]
V  [jvm.dll+0x731905]
V  [jvm.dll+0x732f1d]
V  [jvm.dll+0x7335d3]
V  [jvm.dll+0x247bf8]
V  [jvm.dll+0xc018c]
V  [jvm.dll+0xc06cc]
V  [jvm.dll+0x1ffe21]
V  [jvm.dll+0x592ec5]
V  [jvm.dll+0x591c6e]
V  [jvm.dll+0x2004a2]
V  [jvm.dll+0x1ff794]
V  [jvm.dll+0x18868c]
V  [jvm.dll+0x20e0d7]
V  [jvm.dll+0x20c901]
V  [jvm.dll+0x6f9b7f]
V  [jvm.dll+0x6f26a5]
V  [jvm.dll+0x5fabf6]
C  [ucrtbase.dll+0x26c0c]
C  [KERNEL32.DLL+0x154e0]
C  [ntdll.dll+0x485b]


---------------  P R O C E S S  ---------------

Threads class SMR info:
_java_thread_list=0x000001a6a517d170, length=167, elements={
0x000001a68239e000, 0x000001a69cc9b000, 0x000001a69cc9e000, 0x000001a69d505800,
0x000001a69d507000, 0x000001a69d508000, 0x000001a69d50a000, 0x000001a69d50d800,
0x000001a69d514000, 0x000001a69d67c800, 0x000001a69f179000, 0x000001a69d7a2000,
0x000001a69e018800, 0x000001a69f739800, 0x000001a69eb4b800, 0x000001a69eccf800,
0x000001a69f439000, 0x000001a69e9df000, 0x000001a69eb18000, 0x000001a69fb74800,
0x000001a69fb71000, 0x000001a69fb70000, 0x000001a69fb75000, 0x000001a69fb76800,
0x000001a69fb73800, 0x000001a69fb76000, 0x000001a69fb72000, 0x000001a69fb72800,
0x000001a6a146b800, 0x000001a6a1469000, 0x000001a6a146d000, 0x000001a6a146a000,
0x000001a6a1473800, 0x000001a6a146f000, 0x000001a6a146f800, 0x000001a6a1476000,
0x000001a6a1475800, 0x000001a6a1470800, 0x000001a6a1474800, 0x000001a6a1472000,
0x000001a6a1477000, 0x000001a6a1473000, 0x000001a6a1471800, 0x000001a6a1c38000,
0x000001a6a1c36800, 0x000001a6a1c37000, 0x000001a6a1c39800, 0x000001a6a1c3a800,
0x000001a6a1c39000, 0x000001a6a1c3b800, 0x000001a6a1c35800, 0x000001a6a1c3c000,
0x000001a6a1c3f800, 0x000001a6a1c42800, 0x000001a6a1c3e800, 0x000001a6a1c3d800,
0x000001a6a1c42000, 0x000001a6a1c40000, 0x000001a6a1c41000, 0x000001a6a1c3d000,
0x000001a6a1c43800, 0x000001a6a1c44800, 0x000001a69e895800, 0x000001a69e899000,
0x000001a69e896800, 0x000001a69e897000, 0x000001a69e893000, 0x000001a69e898000,
0x000001a69e899800, 0x000001a69e894000, 0x000001a69e894800, 0x000001a69db90800,
0x000001a69db8f000, 0x000001a69db91800, 0x000001a69db90000, 0x000001a69db92800,
0x000001a69db8e000, 0x000001a69db8c800, 0x000001a69db93000, 0x000001a69db8d800,
0x000001a69db97000, 0x000001a69db94000, 0x000001a69db96800, 0x000001a69db98000,
0x000001a69db99000, 0x000001a69db99800, 0x000001a69db9a800, 0x000001a69db95000,
0x000001a69db95800, 0x000001a69db9b800, 0x000001a6a17bd800, 0x000001a6a17bf000,
0x000001a6a17bc000, 0x000001a6a17bc800, 0x000001a6a17ba000, 0x000001a6a17c0000,
0x000001a6a17be000, 0x000001a6a17c0800, 0x000001a6a17bb000, 0x000001a6a17c6800,
0x000001a6a17c7000, 0x000001a6a17c1800, 0x000001a6a17c5800, 0x000001a6a17c4800,
0x000001a6a17c4000, 0x000001a6a17c8000, 0x000001a6a17c3000, 0x000001a6a17c2800,
0x000001a6a17c9000, 0x000001a6a3183000, 0x000001a6a3180000, 0x000001a6a3181000,
0x000001a6a3185800, 0x000001a6a3181800, 0x000001a6a3188000, 0x000001a6a3185000,
0x000001a6a3182800, 0x000001a6a3186800, 0x000001a6a3187800, 0x000001a6a3189000,
0x000001a6a318a000, 0x000001a6a3184000, 0x000001a6a318a800, 0x000001a6a318b800,
0x000001a6a318e800, 0x000001a6a318c000, 0x000001a6a318d000, 0x000001a6a318e000,
0x000001a6a1fb7000, 0x000001a6a1fb8000, 0x000001a6a1fb9000, 0x000001a6a1fb9800,
0x000001a6a1fbb000, 0x000001a6a1fba800, 0x000001a6a1fb5800, 0x000001a6a1fbc000,
0x000001a6a1fb6800, 0x000001a6a1fc0000, 0x000001a6a1fc2800, 0x000001a6a1fc1000,
0x000001a6a1fbd800, 0x000001a6a1fc2000, 0x000001a6a1fbd000, 0x000001a6a1fc3800,
0x000001a6a1fc4000, 0x000001a6a1fbf800, 0x000001a6a1fbe800, 0x000001a6a2948800,
0x000001a6a294a800, 0x000001a6a294b000, 0x000001a6a2946800, 0x000001a6a2945800,
0x000001a6a294c000, 0x000001a6a294d000, 0x000001a6a2947000, 0x000001a6a294d800,
0x000001a6a2948000, 0x000001a6a294e800, 0x000001a6a294f800, 0x000001a6a2949800,
0x000001a6a2951000, 0x000001a6a2951800, 0x000001a6a2952800, 0x000001a6a2953800,
0x000001a6a2954000, 0x000001a6a510f000, 0x000001a6a2950000
}

Java Threads: ( => current thread )
  0x000001a68239e000 JavaThread "main" [_thread_blocked, id=3836, stack(0x0000009d4ee00000,0x0000009d4ef00000)]
  0x000001a69cc9b000 JavaThread "Reference Handler" daemon [_thread_blocked, id=10620, stack(0x0000009d4f500000,0x0000009d4f600000)]
  0x000001a69cc9e000 JavaThread "Finalizer" daemon [_thread_blocked, id=19876, stack(0x0000009d4f600000,0x0000009d4f700000)]
  0x000001a69d505800 JavaThread "Signal Dispatcher" daemon [_thread_blocked, id=16760, stack(0x0000009d4f700000,0x0000009d4f800000)]
  0x000001a69d507000 JavaThread "Attach Listener" daemon [_thread_blocked, id=13272, stack(0x0000009d4f800000,0x0000009d4f900000)]
  0x000001a69d508000 JavaThread "Service Thread" daemon [_thread_blocked, id=13696, stack(0x0000009d4f900000,0x0000009d4fa00000)]
=>0x000001a69d50a000 JavaThread "C2 CompilerThread0" daemon [_thread_in_native, id=8364, stack(0x0000009d4fa00000,0x0000009d4fb00000)]
  0x000001a69d50d800 JavaThread "C1 CompilerThread0" daemon [_thread_blocked, id=19476, stack(0x0000009d4fb00000,0x0000009d4fc00000)]
  0x000001a69d514000 JavaThread "Sweeper thread" daemon [_thread_blocked, id=19804, stack(0x0000009d4fc00000,0x0000009d4fd00000)]
  0x000001a69d67c800 JavaThread "Common-Cleaner" daemon [_thread_blocked, id=6392, stack(0x0000009d4fd00000,0x0000009d4fe00000)]
  0x000001a69f179000 JavaThread "Daemon health stats" [_thread_blocked, id=19780, stack(0x0000009d50200000,0x0000009d50300000)]
  0x000001a69d7a2000 JavaThread "Incoming local TCP Connector on port 55903" [_thread_in_native, id=19492, stack(0x0000009d4ff00000,0x0000009d50000000)]
  0x000001a69e018800 JavaThread "Daemon periodic checks" [_thread_blocked, id=780, stack(0x0000009d50000000,0x0000009d50100000)]
  0x000001a69f739800 JavaThread "Daemon" [_thread_blocked, id=20412, stack(0x0000009d50300000,0x0000009d50400000)]
  0x000001a69eb4b800 JavaThread "Handler for socket connection from /127.0.0.1:55903 to /127.0.0.1:55904" [_thread_in_native, id=15600, stack(0x0000009d50400000,0x0000009d50500000)]
  0x000001a69eccf800 JavaThread "Cancel handler" [_thread_blocked, id=6620, stack(0x0000009d50500000,0x0000009d50600000)]
  0x000001a69f439000 JavaThread "Daemon worker" [_thread_in_vm, id=14364, stack(0x0000009d50600000,0x0000009d50700000)]
  0x000001a69e9df000 JavaThread "Asynchronous log dispatcher for DefaultDaemonConnection: socket connection from /127.0.0.1:55903 to /127.0.0.1:55904" [_thread_blocked, id=5140, stack(0x0000009d50700000,0x0000009d50800000)]
  0x000001a69eb18000 JavaThread "Stdin handler" [_thread_blocked, id=15176, stack(0x0000009d50800000,0x0000009d50900000)]
  0x000001a69fb74800 JavaThread "Daemon client event forwarder" [_thread_blocked, id=1916, stack(0x0000009d50900000,0x0000009d50a00000)]
  0x000001a69fb71000 JavaThread "Cache worker for journal cache (C:\Users\TAHER\.gradle\caches\journal-1)" [_thread_blocked, id=16496, stack(0x0000009d51200000,0x0000009d51300000)]
  0x000001a69fb70000 JavaThread "File lock request listener" [_thread_in_native, id=11852, stack(0x0000009d51300000,0x0000009d51400000)]
  0x000001a69fb75000 JavaThread "Cache worker for file hash cache (C:\Users\TAHER\.gradle\caches\7.3.3\fileHashes)" [_thread_blocked, id=19260, stack(0x0000009d51400000,0x0000009d51500000)]
  0x000001a69fb76800 JavaThread "Cache worker for file hash cache (C:\Users\TAHER\AndroidStudioProjects\FIMSDelivery\.gradle\7.3.3\fileHashes)" [_thread_blocked, id=9944, stack(0x0000009d51800000,0x0000009d51900000)]
  0x000001a69fb73800 JavaThread "File watcher server" daemon [_thread_in_native, id=10628, stack(0x0000009d51900000,0x0000009d51a00000)]
  0x000001a69fb76000 JavaThread "File watcher consumer" daemon [_thread_blocked, id=5768, stack(0x0000009d51a00000,0x0000009d51b00000)]
  0x000001a69fb72000 JavaThread "Cache worker for checksums cache (C:\Users\TAHER\AndroidStudioProjects\FIMSDelivery\.gradle\7.3.3\checksums)" [_thread_blocked, id=7004, stack(0x0000009d51b00000,0x0000009d51c00000)]
  0x000001a69fb72800 JavaThread "Cache worker for cache directory md-supplier (C:\Users\TAHER\.gradle\caches\7.3.3\md-supplier)" [_thread_blocked, id=19120, stack(0x0000009d51c00000,0x0000009d51d00000)]
  0x000001a6a146b800 JavaThread "Cache worker for cache directory md-rule (C:\Users\TAHER\.gradle\caches\7.3.3\md-rule)" [_thread_blocked, id=5092, stack(0x0000009d51d00000,0x0000009d51e00000)]
  0x000001a6a1469000 JavaThread "Cache worker for execution history cache (C:\Users\TAHER\.gradle\caches\7.3.3\executionHistory)" [_thread_blocked, id=6776, stack(0x0000009d51e00000,0x0000009d51f00000)]
  0x000001a6a146d000 JavaThread "jar transforms" [_thread_blocked, id=4252, stack(0x0000009d51f00000,0x0000009d52000000)]
  0x000001a6a146a000 JavaThread "Cache worker for file content cache (C:\Users\TAHER\.gradle\caches\7.3.3\fileContent)" [_thread_blocked, id=20440, stack(0x0000009d52000000,0x0000009d52100000)]
  0x000001a6a1473800 JavaThread "jar transforms Thread 2" [_thread_blocked, id=13580, stack(0x0000009d52100000,0x0000009d52200000)]
  0x000001a6a146f000 JavaThread "Cache worker for dependencies-accessors (C:\Users\TAHER\AndroidStudioProjects\FIMSDelivery\.gradle\7.3.3\dependencies-accessors)" [_thread_blocked, id=5136, stack(0x0000009d52200000,0x0000009d52300000)]
  0x000001a6a146f800 JavaThread "jar transforms Thread 3" [_thread_blocked, id=18444, stack(0x0000009d52300000,0x0000009d52400000)]
  0x000001a6a1476000 JavaThread "Cache worker for Build Output Cleanup Cache (C:\Users\TAHER\AndroidStudioProjects\FIMSDelivery\.gradle\buildOutputCleanup)" [_thread_blocked, id=6748, stack(0x0000009d52400000,0x0000009d52500000)]
  0x000001a6a1475800 JavaThread "Unconstrained build operations" [_thread_blocked, id=12092, stack(0x0000009d52500000,0x0000009d52600000)]
  0x000001a6a1470800 JavaThread "Unconstrained build operations Thread 2" [_thread_blocked, id=19428, stack(0x0000009d52600000,0x0000009d52700000)]
  0x000001a6a1474800 JavaThread "Unconstrained build operations Thread 3" [_thread_blocked, id=5360, stack(0x0000009d52700000,0x0000009d52800000)]
  0x000001a6a1472000 JavaThread "Unconstrained build operations Thread 4" [_thread_blocked, id=14524, stack(0x0000009d52800000,0x0000009d52900000)]
  0x000001a6a1477000 JavaThread "Unconstrained build operations Thread 5" [_thread_blocked, id=18548, stack(0x0000009d52900000,0x0000009d52a00000)]
  0x000001a6a1473000 JavaThread "Unconstrained build operations Thread 6" [_thread_blocked, id=4452, stack(0x0000009d52a00000,0x0000009d52b00000)]
  0x000001a6a1471800 JavaThread "Unconstrained build operations Thread 7" [_thread_blocked, id=14760, stack(0x0000009d52b00000,0x0000009d52c00000)]
  0x000001a6a1c38000 JavaThread "Unconstrained build operations Thread 8" [_thread_blocked, id=6128, stack(0x0000009d52c00000,0x0000009d52d00000)]
  0x000001a6a1c36800 JavaThread "Unconstrained build operations Thread 9" [_thread_blocked, id=18652, stack(0x0000009d52d00000,0x0000009d52e00000)]
  0x000001a6a1c37000 JavaThread "Unconstrained build operations Thread 10" [_thread_blocked, id=7760, stack(0x0000009d52e00000,0x0000009d52f00000)]
  0x000001a6a1c39800 JavaThread "Unconstrained build operations Thread 11" [_thread_blocked, id=12256, stack(0x0000009d52f00000,0x0000009d53000000)]
  0x000001a6a1c3a800 JavaThread "Unconstrained build operations Thread 12" [_thread_blocked, id=2212, stack(0x0000009d53000000,0x0000009d53100000)]
  0x000001a6a1c39000 JavaThread "Unconstrained build operations Thread 13" [_thread_blocked, id=15504, stack(0x0000009d53100000,0x0000009d53200000)]
  0x000001a6a1c3b800 JavaThread "Unconstrained build operations Thread 14" [_thread_blocked, id=19276, stack(0x0000009d53200000,0x0000009d53300000)]
  0x000001a6a1c35800 JavaThread "Unconstrained build operations Thread 15" [_thread_blocked, id=8744, stack(0x0000009d53300000,0x0000009d53400000)]
  0x000001a6a1c3c000 JavaThread "Unconstrained build operations Thread 16" [_thread_blocked, id=6440, stack(0x0000009d53400000,0x0000009d53500000)]
  0x000001a6a1c3f800 JavaThread "Unconstrained build operations Thread 17" [_thread_blocked, id=18248, stack(0x0000009d53500000,0x0000009d53600000)]
  0x000001a6a1c42800 JavaThread "Unconstrained build operations Thread 18" [_thread_blocked, id=11496, stack(0x0000009d53600000,0x0000009d53700000)]
  0x000001a6a1c3e800 JavaThread "Unconstrained build operations Thread 19" [_thread_blocked, id=19760, stack(0x0000009d53700000,0x0000009d53800000)]
  0x000001a6a1c3d800 JavaThread "Unconstrained build operations Thread 20" [_thread_blocked, id=10716, stack(0x0000009d53800000,0x0000009d53900000)]
  0x000001a6a1c42000 JavaThread "Unconstrained build operations Thread 21" [_thread_blocked, id=4832, stack(0x0000009d53900000,0x0000009d53a00000)]
  0x000001a6a1c40000 JavaThread "Unconstrained build operations Thread 22" [_thread_blocked, id=19444, stack(0x0000009d53a00000,0x0000009d53b00000)]
  0x000001a6a1c41000 JavaThread "Unconstrained build operations Thread 23" [_thread_blocked, id=15280, stack(0x0000009d53b00000,0x0000009d53c00000)]
  0x000001a6a1c3d000 JavaThread "Unconstrained build operations Thread 24" [_thread_blocked, id=6064, stack(0x0000009d53c00000,0x0000009d53d00000)]
  0x000001a6a1c43800 JavaThread "Unconstrained build operations Thread 25" [_thread_blocked, id=13448, stack(0x0000009d53d00000,0x0000009d53e00000)]
  0x000001a6a1c44800 JavaThread "Unconstrained build operations Thread 26" [_thread_blocked, id=7932, stack(0x0000009d53e00000,0x0000009d53f00000)]
  0x000001a69e895800 JavaThread "Unconstrained build operations Thread 27" [_thread_blocked, id=8024, stack(0x0000009d53f00000,0x0000009d54000000)]
  0x000001a69e899000 JavaThread "Unconstrained build operations Thread 28" [_thread_blocked, id=6808, stack(0x0000009d54000000,0x0000009d54100000)]
  0x000001a69e896800 JavaThread "Unconstrained build operations Thread 29" [_thread_blocked, id=18792, stack(0x0000009d54100000,0x0000009d54200000)]
  0x000001a69e897000 JavaThread "Unconstrained build operations Thread 30" [_thread_blocked, id=8936, stack(0x0000009d54200000,0x0000009d54300000)]
  0x000001a69e893000 JavaThread "Unconstrained build operations Thread 31" [_thread_blocked, id=14472, stack(0x0000009d54300000,0x0000009d54400000)]
  0x000001a69e898000 JavaThread "Unconstrained build operations Thread 32" [_thread_blocked, id=18092, stack(0x0000009d54400000,0x0000009d54500000)]
  0x000001a69e899800 JavaThread "Unconstrained build operations Thread 33" [_thread_blocked, id=19368, stack(0x0000009d54500000,0x0000009d54600000)]
  0x000001a69e894000 JavaThread "Unconstrained build operations Thread 34" [_thread_blocked, id=15988, stack(0x0000009d54600000,0x0000009d54700000)]
  0x000001a69e894800 JavaThread "Unconstrained build operations Thread 35" [_thread_blocked, id=15252, stack(0x0000009d54700000,0x0000009d54800000)]
  0x000001a69db90800 JavaThread "Unconstrained build operations Thread 36" [_thread_blocked, id=16112, stack(0x0000009d54800000,0x0000009d54900000)]
  0x000001a69db8f000 JavaThread "Unconstrained build operations Thread 37" [_thread_blocked, id=18840, stack(0x0000009d54900000,0x0000009d54a00000)]
  0x000001a69db91800 JavaThread "Unconstrained build operations Thread 38" [_thread_blocked, id=7480, stack(0x0000009d54a00000,0x0000009d54b00000)]
  0x000001a69db90000 JavaThread "Unconstrained build operations Thread 39" [_thread_blocked, id=14756, stack(0x0000009d54b00000,0x0000009d54c00000)]
  0x000001a69db92800 JavaThread "Unconstrained build operations Thread 40" [_thread_blocked, id=12668, stack(0x0000009d54c00000,0x0000009d54d00000)]
  0x000001a69db8e000 JavaThread "Unconstrained build operations Thread 41" [_thread_blocked, id=16004, stack(0x0000009d54d00000,0x0000009d54e00000)]
  0x000001a69db8c800 JavaThread "Unconstrained build operations Thread 42" [_thread_blocked, id=16520, stack(0x0000009d54e00000,0x0000009d54f00000)]
  0x000001a69db93000 JavaThread "Unconstrained build operations Thread 43" [_thread_blocked, id=10720, stack(0x0000009d54f00000,0x0000009d55000000)]
  0x000001a69db8d800 JavaThread "Unconstrained build operations Thread 44" [_thread_blocked, id=8840, stack(0x0000009d55000000,0x0000009d55100000)]
  0x000001a69db97000 JavaThread "Unconstrained build operations Thread 45" [_thread_blocked, id=14652, stack(0x0000009d55100000,0x0000009d55200000)]
  0x000001a69db94000 JavaThread "Unconstrained build operations Thread 46" [_thread_blocked, id=14172, stack(0x0000009d55200000,0x0000009d55300000)]
  0x000001a69db96800 JavaThread "Unconstrained build operations Thread 47" [_thread_blocked, id=12996, stack(0x0000009d55300000,0x0000009d55400000)]
  0x000001a69db98000 JavaThread "Unconstrained build operations Thread 48" [_thread_blocked, id=10404, stack(0x0000009d55400000,0x0000009d55500000)]
  0x000001a69db99000 JavaThread "Unconstrained build operations Thread 49" [_thread_blocked, id=15760, stack(0x0000009d55500000,0x0000009d55600000)]
  0x000001a69db99800 JavaThread "Unconstrained build operations Thread 50" [_thread_blocked, id=19048, stack(0x0000009d55600000,0x0000009d55700000)]
  0x000001a69db9a800 JavaThread "Unconstrained build operations Thread 51" [_thread_blocked, id=14224, stack(0x0000009d55700000,0x0000009d55800000)]
  0x000001a69db95000 JavaThread "Unconstrained build operations Thread 52" [_thread_blocked, id=5980, stack(0x0000009d55800000,0x0000009d55900000)]
  0x000001a69db95800 JavaThread "Unconstrained build operations Thread 53" [_thread_blocked, id=16660, stack(0x0000009d55900000,0x0000009d55a00000)]
  0x000001a69db9b800 JavaThread "Unconstrained build operations Thread 54" [_thread_blocked, id=15716, stack(0x0000009d55a00000,0x0000009d55b00000)]
  0x000001a6a17bd800 JavaThread "Unconstrained build operations Thread 55" [_thread_blocked, id=13764, stack(0x0000009d55b00000,0x0000009d55c00000)]
  0x000001a6a17bf000 JavaThread "Unconstrained build operations Thread 56" [_thread_blocked, id=11612, stack(0x0000009d55c00000,0x0000009d55d00000)]
  0x000001a6a17bc000 JavaThread "Unconstrained build operations Thread 57" [_thread_blocked, id=16348, stack(0x0000009d55d00000,0x0000009d55e00000)]
  0x000001a6a17bc800 JavaThread "Unconstrained build operations Thread 58" [_thread_blocked, id=9984, stack(0x0000009d55e00000,0x0000009d55f00000)]
  0x000001a6a17ba000 JavaThread "Unconstrained build operations Thread 59" [_thread_blocked, id=14784, stack(0x0000009d55f00000,0x0000009d56000000)]
  0x000001a6a17c0000 JavaThread "Unconstrained build operations Thread 60" [_thread_blocked, id=6528, stack(0x0000009d56000000,0x0000009d56100000)]
  0x000001a6a17be000 JavaThread "Unconstrained build operations Thread 61" [_thread_blocked, id=1244, stack(0x0000009d56100000,0x0000009d56200000)]
  0x000001a6a17c0800 JavaThread "Unconstrained build operations Thread 62" [_thread_blocked, id=12964, stack(0x0000009d56200000,0x0000009d56300000)]
  0x000001a6a17bb000 JavaThread "Unconstrained build operations Thread 63" [_thread_blocked, id=19108, stack(0x0000009d56300000,0x0000009d56400000)]
  0x000001a6a17c6800 JavaThread "Unconstrained build operations Thread 64" [_thread_blocked, id=3904, stack(0x0000009d56400000,0x0000009d56500000)]
  0x000001a6a17c7000 JavaThread "Unconstrained build operations Thread 65" [_thread_blocked, id=6292, stack(0x0000009d56500000,0x0000009d56600000)]
  0x000001a6a17c1800 JavaThread "Unconstrained build operations Thread 66" [_thread_blocked, id=10288, stack(0x0000009d56600000,0x0000009d56700000)]
  0x000001a6a17c5800 JavaThread "Unconstrained build operations Thread 67" [_thread_blocked, id=19152, stack(0x0000009d56700000,0x0000009d56800000)]
  0x000001a6a17c4800 JavaThread "Unconstrained build operations Thread 68" [_thread_blocked, id=20284, stack(0x0000009d56800000,0x0000009d56900000)]
  0x000001a6a17c4000 JavaThread "Unconstrained build operations Thread 69" [_thread_blocked, id=13068, stack(0x0000009d56900000,0x0000009d56a00000)]
  0x000001a6a17c8000 JavaThread "Unconstrained build operations Thread 70" [_thread_blocked, id=17732, stack(0x0000009d56a00000,0x0000009d56b00000)]
  0x000001a6a17c3000 JavaThread "Unconstrained build operations Thread 71" [_thread_blocked, id=12672, stack(0x0000009d56b00000,0x0000009d56c00000)]
  0x000001a6a17c2800 JavaThread "Unconstrained build operations Thread 72" [_thread_blocked, id=6212, stack(0x0000009d56c00000,0x0000009d56d00000)]
  0x000001a6a17c9000 JavaThread "Unconstrained build operations Thread 73" [_thread_blocked, id=3404, stack(0x0000009d56d00000,0x0000009d56e00000)]
  0x000001a6a3183000 JavaThread "Unconstrained build operations Thread 74" [_thread_blocked, id=18808, stack(0x0000009d56e00000,0x0000009d56f00000)]
  0x000001a6a3180000 JavaThread "Unconstrained build operations Thread 75" [_thread_blocked, id=8880, stack(0x0000009d56f00000,0x0000009d57000000)]
  0x000001a6a3181000 JavaThread "Unconstrained build operations Thread 76" [_thread_blocked, id=140, stack(0x0000009d57000000,0x0000009d57100000)]
  0x000001a6a3185800 JavaThread "Unconstrained build operations Thread 77" [_thread_blocked, id=5448, stack(0x0000009d57100000,0x0000009d57200000)]
  0x000001a6a3181800 JavaThread "Unconstrained build operations Thread 78" [_thread_blocked, id=5788, stack(0x0000009d57200000,0x0000009d57300000)]
  0x000001a6a3188000 JavaThread "Unconstrained build operations Thread 79" [_thread_blocked, id=8404, stack(0x0000009d57300000,0x0000009d57400000)]
  0x000001a6a3185000 JavaThread "Unconstrained build operations Thread 80" [_thread_blocked, id=11884, stack(0x0000009d57400000,0x0000009d57500000)]
  0x000001a6a3182800 JavaThread "Unconstrained build operations Thread 81" [_thread_blocked, id=2100, stack(0x0000009d57500000,0x0000009d57600000)]
  0x000001a6a3186800 JavaThread "Unconstrained build operations Thread 82" [_thread_blocked, id=17872, stack(0x0000009d57600000,0x0000009d57700000)]
  0x000001a6a3187800 JavaThread "Unconstrained build operations Thread 83" [_thread_blocked, id=5632, stack(0x0000009d57700000,0x0000009d57800000)]
  0x000001a6a3189000 JavaThread "Unconstrained build operations Thread 84" [_thread_blocked, id=14888, stack(0x0000009d57800000,0x0000009d57900000)]
  0x000001a6a318a000 JavaThread "Unconstrained build operations Thread 85" [_thread_blocked, id=5028, stack(0x0000009d57900000,0x0000009d57a00000)]
  0x000001a6a3184000 JavaThread "Unconstrained build operations Thread 86" [_thread_blocked, id=18924, stack(0x0000009d57a00000,0x0000009d57b00000)]
  0x000001a6a318a800 JavaThread "Unconstrained build operations Thread 87" [_thread_blocked, id=19584, stack(0x0000009d57b00000,0x0000009d57c00000)]
  0x000001a6a318b800 JavaThread "Unconstrained build operations Thread 88" [_thread_blocked, id=7276, stack(0x0000009d57c00000,0x0000009d57d00000)]
  0x000001a6a318e800 JavaThread "Unconstrained build operations Thread 89" [_thread_blocked, id=3544, stack(0x0000009d57d00000,0x0000009d57e00000)]
  0x000001a6a318c000 JavaThread "Unconstrained build operations Thread 90" [_thread_blocked, id=3636, stack(0x0000009d57e00000,0x0000009d57f00000)]
  0x000001a6a318d000 JavaThread "Unconstrained build operations Thread 91" [_thread_blocked, id=1872, stack(0x0000009d57f00000,0x0000009d58000000)]
  0x000001a6a318e000 JavaThread "Unconstrained build operations Thread 92" [_thread_blocked, id=8692, stack(0x0000009d58000000,0x0000009d58100000)]
  0x000001a6a1fb7000 JavaThread "Unconstrained build operations Thread 93" [_thread_blocked, id=13492, stack(0x0000009d58100000,0x0000009d58200000)]
  0x000001a6a1fb8000 JavaThread "Unconstrained build operations Thread 94" [_thread_blocked, id=12452, stack(0x0000009d58200000,0x0000009d58300000)]
  0x000001a6a1fb9000 JavaThread "Unconstrained build operations Thread 95" [_thread_blocked, id=15676, stack(0x0000009d58300000,0x0000009d58400000)]
  0x000001a6a1fb9800 JavaThread "Unconstrained build operations Thread 96" [_thread_blocked, id=20056, stack(0x0000009d58400000,0x0000009d58500000)]
  0x000001a6a1fbb000 JavaThread "Unconstrained build operations Thread 97" [_thread_blocked, id=1948, stack(0x0000009d58500000,0x0000009d58600000)]
  0x000001a6a1fba800 JavaThread "Unconstrained build operations Thread 98" [_thread_blocked, id=9164, stack(0x0000009d58600000,0x0000009d58700000)]
  0x000001a6a1fb5800 JavaThread "Unconstrained build operations Thread 99" [_thread_blocked, id=5520, stack(0x0000009d58700000,0x0000009d58800000)]
  0x000001a6a1fbc000 JavaThread "Unconstrained build operations Thread 100" [_thread_blocked, id=18844, stack(0x0000009d58800000,0x0000009d58900000)]
  0x000001a6a1fb6800 JavaThread "Unconstrained build operations Thread 101" [_thread_blocked, id=4248, stack(0x0000009d58900000,0x0000009d58a00000)]
  0x000001a6a1fc0000 JavaThread "Unconstrained build operations Thread 102" [_thread_blocked, id=18540, stack(0x0000009d58a00000,0x0000009d58b00000)]
  0x000001a6a1fc2800 JavaThread "Unconstrained build operations Thread 103" [_thread_blocked, id=11148, stack(0x0000009d58b00000,0x0000009d58c00000)]
  0x000001a6a1fc1000 JavaThread "Unconstrained build operations Thread 104" [_thread_blocked, id=1716, stack(0x0000009d58c00000,0x0000009d58d00000)]
  0x000001a6a1fbd800 JavaThread "Unconstrained build operations Thread 105" [_thread_blocked, id=10544, stack(0x0000009d58d00000,0x0000009d58e00000)]
  0x000001a6a1fc2000 JavaThread "Unconstrained build operations Thread 106" [_thread_blocked, id=14672, stack(0x0000009d58e00000,0x0000009d58f00000)]
  0x000001a6a1fbd000 JavaThread "Unconstrained build operations Thread 107" [_thread_blocked, id=17008, stack(0x0000009d58f00000,0x0000009d59000000)]
  0x000001a6a1fc3800 JavaThread "Unconstrained build operations Thread 108" [_thread_blocked, id=7252, stack(0x0000009d59000000,0x0000009d59100000)]
  0x000001a6a1fc4000 JavaThread "Unconstrained build operations Thread 109" [_thread_blocked, id=19512, stack(0x0000009d59100000,0x0000009d59200000)]
  0x000001a6a1fbf800 JavaThread "Unconstrained build operations Thread 110" [_thread_blocked, id=12268, stack(0x0000009d59200000,0x0000009d59300000)]
  0x000001a6a1fbe800 JavaThread "Unconstrained build operations Thread 111" [_thread_blocked, id=1012, stack(0x0000009d59300000,0x0000009d59400000)]
  0x000001a6a2948800 JavaThread "Unconstrained build operations Thread 112" [_thread_blocked, id=11252, stack(0x0000009d59400000,0x0000009d59500000)]
  0x000001a6a294a800 JavaThread "Unconstrained build operations Thread 113" [_thread_blocked, id=18688, stack(0x0000009d59500000,0x0000009d59600000)]
  0x000001a6a294b000 JavaThread "Unconstrained build operations Thread 114" [_thread_blocked, id=7220, stack(0x0000009d59600000,0x0000009d59700000)]
  0x000001a6a2946800 JavaThread "Unconstrained build operations Thread 115" [_thread_blocked, id=8700, stack(0x0000009d59700000,0x0000009d59800000)]
  0x000001a6a2945800 JavaThread "Unconstrained build operations Thread 116" [_thread_blocked, id=19836, stack(0x0000009d59800000,0x0000009d59900000)]
  0x000001a6a294c000 JavaThread "Unconstrained build operations Thread 117" [_thread_blocked, id=14068, stack(0x0000009d59900000,0x0000009d59a00000)]
  0x000001a6a294d000 JavaThread "Unconstrained build operations Thread 118" [_thread_blocked, id=1840, stack(0x0000009d59a00000,0x0000009d59b00000)]
  0x000001a6a2947000 JavaThread "Unconstrained build operations Thread 119" [_thread_blocked, id=13916, stack(0x0000009d59b00000,0x0000009d59c00000)]
  0x000001a6a294d800 JavaThread "Unconstrained build operations Thread 120" [_thread_blocked, id=15428, stack(0x0000009d59c00000,0x0000009d59d00000)]
  0x000001a6a2948000 JavaThread "jar transforms Thread 4" [_thread_blocked, id=1268, stack(0x0000009d59d00000,0x0000009d59e00000)]
  0x000001a6a294e800 JavaThread "jar transforms Thread 5" [_thread_blocked, id=7608, stack(0x0000009d59e00000,0x0000009d59f00000)]
  0x000001a6a294f800 JavaThread "jar transforms Thread 6" [_thread_blocked, id=14852, stack(0x0000009d59f00000,0x0000009d5a000000)]
  0x000001a6a2949800 JavaThread "jar transforms Thread 7" [_thread_blocked, id=17968, stack(0x0000009d5a000000,0x0000009d5a100000)]
  0x000001a6a2951000 JavaThread "jar transforms Thread 8" [_thread_blocked, id=12200, stack(0x0000009d5a100000,0x0000009d5a200000)]
  0x000001a6a2951800 JavaThread "jar transforms Thread 9" [_thread_blocked, id=7696, stack(0x0000009d5a200000,0x0000009d5a300000)]
  0x000001a6a2952800 JavaThread "jar transforms Thread 10" [_thread_blocked, id=3180, stack(0x0000009d5a300000,0x0000009d5a400000)]
  0x000001a6a2953800 JavaThread "jar transforms Thread 11" [_thread_blocked, id=14092, stack(0x0000009d5a400000,0x0000009d5a500000)]
  0x000001a6a2954000 JavaThread "jar transforms Thread 12" [_thread_blocked, id=2012, stack(0x0000009d5a500000,0x0000009d5a600000)]
  0x000001a6a510f000 JavaThread "C2 CompilerThread1" daemon [_thread_in_native, id=2884, stack(0x0000009d51700000,0x0000009d51800000)]
  0x000001a6a2950000 JavaThread "Memory manager" [_thread_blocked, id=11232, stack(0x0000009d5a600000,0x0000009d5a700000)]

Other Threads:
  0x000001a69d4b8800 VMThread "VM Thread" [stack: 0x0000009d4f400000,0x0000009d4f500000] [id=12752]
  0x000001a69d691800 WatcherThread [stack: 0x0000009d4fe00000,0x0000009d4ff00000] [id=17148]
  0x000001a6823b6800 GCTaskThread "GC Thread#0" [stack: 0x0000009d4ef00000,0x0000009d4f000000] [id=7196]
  0x000001a69de37800 GCTaskThread "GC Thread#1" [stack: 0x0000009d50100000,0x0000009d50200000] [id=3468]
  0x000001a69ebbe800 GCTaskThread "GC Thread#2" [stack: 0x0000009d50a00000,0x0000009d50b00000] [id=15880]
  0x000001a69ebbf000 GCTaskThread "GC Thread#3" [stack: 0x0000009d50b00000,0x0000009d50c00000] [id=16756]
  0x000001a69da54000 GCTaskThread "GC Thread#4" [stack: 0x0000009d50c00000,0x0000009d50d00000] [id=20192]
  0x000001a69da54800 GCTaskThread "GC Thread#5" [stack: 0x0000009d50d00000,0x0000009d50e00000] [id=12468]
  0x000001a69dda3800 GCTaskThread "GC Thread#6" [stack: 0x0000009d50e00000,0x0000009d50f00000] [id=17668]
  0x000001a69dda4000 GCTaskThread "GC Thread#7" [stack: 0x0000009d50f00000,0x0000009d51000000] [id=4640]
  0x000001a69e2f9800 GCTaskThread "GC Thread#8" [stack: 0x0000009d51000000,0x0000009d51100000] [id=5720]
  0x000001a69e2fa000 GCTaskThread "GC Thread#9" [stack: 0x0000009d51100000,0x0000009d51200000] [id=8452]
  0x000001a6823e9800 ConcurrentGCThread "G1 Main Marker" [stack: 0x0000009d4f000000,0x0000009d4f100000] [id=19060]
  0x000001a6823eb800 ConcurrentGCThread "G1 Conc#0" [stack: 0x0000009d4f100000,0x0000009d4f200000] [id=9196]
  0x000001a69e6e4800 ConcurrentGCThread "G1 Conc#1" [stack: 0x0000009d51500000,0x0000009d51600000] [id=12716]
  0x000001a69f9e9800 ConcurrentGCThread "G1 Conc#2" [stack: 0x0000009d51600000,0x0000009d51700000] [id=19976]
  0x000001a68247e800 ConcurrentGCThread "G1 Refine#0" [stack: 0x0000009d4f200000,0x0000009d4f300000] [id=18740]
  0x000001a69caee000 ConcurrentGCThread "G1 Young RemSet Sampling" [stack: 0x0000009d4f300000,0x0000009d4f400000] [id=3124]

Threads with active compile tasks:
C2 CompilerThread0  14574 6892 %     4       org.gradle.internal.instantiation.generator.AbstractClassGenerator::inspectType @ 107 (560 bytes)
C2 CompilerThread1  14574 6981       4       sun.reflect.generics.parser.SignatureParser::parsePackageNameAndSimpleClassTypeSignature (119 bytes)

VM state:not at safepoint (normal execution)

VM Mutex/Monitor currently owned by a thread: None

Heap address: 0x0000000080000000, size: 2048 MB, Compressed Oops mode: 32-bit
Narrow klass base: 0x0000000000000000, Narrow klass shift: 3
Compressed class space size: 1073741824 Address: 0x0000000100000000

Heap:
 garbage-first heap   total 145408K, used 106730K [0x0000000080000000, 0x0000000100000000)
  region size 1024K, 56 young (57344K), 5 survivors (5120K)
 Metaspace       used 73726K, capacity 75365K, committed 75512K, reserved 1114112K
  class space    used 9583K, capacity 10187K, committed 10232K, reserved 1048576K
Heap Regions: E=young(eden), S=young(survivor), O=old, HS=humongous(starts), HC=humongous(continues), CS=collection set, F=free, A=archive, TAMS=top-at-mark-start (previous, next)
|   0|0x0000000080000000, 0x0000000080100000, 0x0000000080100000|100%| O|  |TAMS 0x0000000080100000, 0x0000000080000000| Untracked 
|   1|0x0000000080100000, 0x0000000080200000, 0x0000000080200000|100%| O|  |TAMS 0x0000000080200000, 0x0000000080100000| Untracked 
|   2|0x0000000080200000, 0x0000000080300000, 0x0000000080300000|100%| O|  |TAMS 0x0000000080300000, 0x0000000080200000| Untracked 
|   3|0x0000000080300000, 0x0000000080400000, 0x0000000080400000|100%|HS|  |TAMS 0x0000000080400000, 0x0000000080300000| Complete 
|   4|0x0000000080400000, 0x0000000080500000, 0x0000000080500000|100%|HC|  |TAMS 0x0000000080500000, 0x0000000080400000| Complete 
|   5|0x0000000080500000, 0x0000000080600000, 0x0000000080600000|100%|HC|  |TAMS 0x0000000080600000, 0x0000000080500000| Complete 
|   6|0x0000000080600000, 0x0000000080700000, 0x0000000080700000|100%| O|  |TAMS 0x0000000080700000, 0x0000000080600000| Untracked 
|   7|0x0000000080700000, 0x0000000080800000, 0x0000000080800000|100%| O|  |TAMS 0x0000000080800000, 0x0000000080700000| Untracked 
|   8|0x0000000080800000, 0x0000000080900000, 0x0000000080900000|100%| O|  |TAMS 0x0000000080900000, 0x0000000080800000| Untracked 
|   9|0x0000000080900000, 0x0000000080a00000, 0x0000000080a00000|100%| O|  |TAMS 0x0000000080a00000, 0x0000000080900000| Untracked 
|  10|0x0000000080a00000, 0x0000000080b00000, 0x0000000080b00000|100%| O|  |TAMS 0x0000000080b00000, 0x0000000080a00000| Untracked 
|  11|0x0000000080b00000, 0x0000000080c00000, 0x0000000080c00000|100%| O|  |TAMS 0x0000000080c00000, 0x0000000080b00000| Untracked 
|  12|0x0000000080c00000, 0x0000000080d00000, 0x0000000080d00000|100%| O|  |TAMS 0x0000000080d00000, 0x0000000080c00000| Untracked 
|  13|0x0000000080d00000, 0x0000000080e00000, 0x0000000080e00000|100%| O|  |TAMS 0x0000000080e00000, 0x0000000080d00000| Untracked 
|  14|0x0000000080e00000, 0x0000000080f00000, 0x0000000080f00000|100%| O|  |TAMS 0x0000000080f00000, 0x0000000080e00000| Untracked 
|  15|0x0000000080f00000, 0x0000000081000000, 0x0000000081000000|100%| O|  |TAMS 0x0000000081000000, 0x0000000080f00000| Untracked 
|  16|0x0000000081000000, 0x0000000081100000, 0x0000000081100000|100%| O|  |TAMS 0x0000000081100000, 0x0000000081000000| Untracked 
|  17|0x0000000081100000, 0x0000000081200000, 0x0000000081200000|100%|HS|  |TAMS 0x0000000081200000, 0x0000000081100000| Complete 
|  18|0x0000000081200000, 0x0000000081300000, 0x0000000081300000|100%| O|  |TAMS 0x0000000081300000, 0x0000000081200000| Untracked 
|  19|0x0000000081300000, 0x0000000081400000, 0x0000000081400000|100%| O|  |TAMS 0x0000000081400000, 0x0000000081300000| Untracked 
|  20|0x0000000081400000, 0x0000000081500000, 0x0000000081500000|100%| O|  |TAMS 0x0000000081500000, 0x0000000081400000| Untracked 
|  21|0x0000000081500000, 0x0000000081600000, 0x0000000081600000|100%| O|  |TAMS 0x0000000081600000, 0x0000000081500000| Untracked 
|  22|0x0000000081600000, 0x0000000081700000, 0x0000000081700000|100%| O|  |TAMS 0x0000000081700000, 0x0000000081600000| Untracked 
|  23|0x0000000081700000, 0x0000000081800000, 0x0000000081800000|100%|HS|  |TAMS 0x0000000081800000, 0x0000000081700000| Complete 
|  24|0x0000000081800000, 0x0000000081900000, 0x0000000081900000|100%|HS|  |TAMS 0x0000000081900000, 0x0000000081800000| Complete 
|  25|0x0000000081900000, 0x0000000081a00000, 0x0000000081a00000|100%|HC|  |TAMS 0x0000000081a00000, 0x0000000081900000| Complete 
|  26|0x0000000081a00000, 0x0000000081b00000, 0x0000000081b00000|100%| O|  |TAMS 0x0000000081b00000, 0x0000000081a00000| Untracked 
|  27|0x0000000081b00000, 0x0000000081c00000, 0x0000000081c00000|100%| O|  |TAMS 0x0000000081c00000, 0x0000000081b00000| Untracked 
|  28|0x0000000081c00000, 0x0000000081d00000, 0x0000000081d00000|100%| O|  |TAMS 0x0000000081d00000, 0x0000000081c00000| Untracked 
|  29|0x0000000081d00000, 0x0000000081e00000, 0x0000000081e00000|100%| O|  |TAMS 0x0000000081e00000, 0x0000000081d00000| Untracked 
|  30|0x0000000081e00000, 0x0000000081f00000, 0x0000000081f00000|100%| O|  |TAMS 0x0000000081f00000, 0x0000000081e00000| Untracked 
|  31|0x0000000081f00000, 0x0000000082000000, 0x0000000082000000|100%| O|  |TAMS 0x0000000082000000, 0x0000000081f00000| Untracked 
|  32|0x0000000082000000, 0x0000000082100000, 0x0000000082100000|100%| O|  |TAMS 0x0000000082100000, 0x0000000082000000| Untracked 
|  33|0x0000000082100000, 0x0000000082200000, 0x0000000082200000|100%| O|  |TAMS 0x0000000082200000, 0x0000000082100000| Untracked 
|  34|0x0000000082200000, 0x0000000082300000, 0x0000000082300000|100%| O|  |TAMS 0x0000000082300000, 0x0000000082200000| Untracked 
|  35|0x0000000082300000, 0x0000000082400000, 0x0000000082400000|100%| O|  |TAMS 0x0000000082400000, 0x0000000082300000| Untracked 
|  36|0x0000000082400000, 0x0000000082500000, 0x0000000082500000|100%| O|  |TAMS 0x0000000082500000, 0x0000000082400000| Untracked 
|  37|0x0000000082500000, 0x0000000082600000, 0x0000000082600000|100%| O|  |TAMS 0x0000000082600000, 0x0000000082500000| Untracked 
|  38|0x0000000082600000, 0x0000000082700000, 0x0000000082700000|100%| O|  |TAMS 0x0000000082700000, 0x0000000082600000| Untracked 
|  39|0x0000000082700000, 0x0000000082800000, 0x0000000082800000|100%| O|  |TAMS 0x0000000082800000, 0x0000000082700000| Untracked 
|  40|0x0000000082800000, 0x0000000082900000, 0x0000000082900000|100%| O|  |TAMS 0x0000000082900000, 0x0000000082800000| Untracked 
|  41|0x0000000082900000, 0x0000000082a00000, 0x0000000082a00000|100%| O|  |TAMS 0x00000000829e6c00, 0x0000000082900000| Untracked 
|  42|0x0000000082a00000, 0x0000000082a00000, 0x0000000082b00000|  0%| F|  |TAMS 0x0000000082a00000, 0x0000000082a00000| Untracked 
|  43|0x0000000082b00000, 0x0000000082c00000, 0x0000000082c00000|100%| O|  |TAMS 0x0000000082b00000, 0x0000000082b00000| Untracked 
|  44|0x0000000082c00000, 0x0000000082d00000, 0x0000000082d00000|100%| O|  |TAMS 0x0000000082c00000, 0x0000000082c00000| Untracked 
|  45|0x0000000082d00000, 0x0000000082e00000, 0x0000000082e00000|100%| O|  |TAMS 0x0000000082d00000, 0x0000000082d00000| Untracked 
|  46|0x0000000082e00000, 0x0000000082f00000, 0x0000000082f00000|100%| O|  |TAMS 0x0000000082e00000, 0x0000000082e00000| Untracked 
|  47|0x0000000082f00000, 0x0000000083000000, 0x0000000083000000|100%| O|  |TAMS 0x0000000082f00000, 0x0000000082f00000| Untracked 
|  48|0x0000000083000000, 0x0000000083100000, 0x0000000083100000|100%| O|  |TAMS 0x0000000083000000, 0x0000000083000000| Untracked 
|  49|0x0000000083100000, 0x0000000083200000, 0x0000000083200000|100%| O|  |TAMS 0x0000000083100000, 0x0000000083100000| Untracked 
|  50|0x0000000083200000, 0x000000008327aa00, 0x0000000083300000| 47%| O|  |TAMS 0x0000000083200000, 0x0000000083200000| Untracked 
|  51|0x0000000083300000, 0x0000000083300000, 0x0000000083400000|  0%| F|  |TAMS 0x0000000083300000, 0x0000000083300000| Untracked 
|  52|0x0000000083400000, 0x0000000083400000, 0x0000000083500000|  0%| F|  |TAMS 0x0000000083400000, 0x0000000083400000| Untracked 
|  53|0x0000000083500000, 0x0000000083500000, 0x0000000083600000|  0%| F|  |TAMS 0x0000000083500000, 0x0000000083500000| Untracked 
|  54|0x0000000083600000, 0x0000000083600000, 0x0000000083700000|  0%| F|  |TAMS 0x0000000083600000, 0x0000000083600000| Untracked 
|  55|0x0000000083700000, 0x0000000083700000, 0x0000000083800000|  0%| F|  |TAMS 0x0000000083700000, 0x0000000083700000| Untracked 
|  56|0x0000000083800000, 0x0000000083800000, 0x0000000083900000|  0%| F|  |TAMS 0x0000000083800000, 0x0000000083800000| Untracked 
|  57|0x0000000083900000, 0x0000000083900000, 0x0000000083a00000|  0%| F|  |TAMS 0x0000000083900000, 0x0000000083900000| Untracked 
|  58|0x0000000083a00000, 0x0000000083a00000, 0x0000000083b00000|  0%| F|  |TAMS 0x0000000083a00000, 0x0000000083a00000| Untracked 
|  59|0x0000000083b00000, 0x0000000083b00000, 0x0000000083c00000|  0%| F|  |TAMS 0x0000000083b00000, 0x0000000083b00000| Untracked 
|  60|0x0000000083c00000, 0x0000000083c00000, 0x0000000083d00000|  0%| F|  |TAMS 0x0000000083c00000, 0x0000000083c00000| Untracked 
|  61|0x0000000083d00000, 0x0000000083d00000, 0x0000000083e00000|  0%| F|  |TAMS 0x0000000083d00000, 0x0000000083d00000| Untracked 
|  62|0x0000000083e00000, 0x0000000083e00000, 0x0000000083f00000|  0%| F|  |TAMS 0x0000000083e00000, 0x0000000083e00000| Untracked 
|  63|0x0000000083f00000, 0x0000000083f00000, 0x0000000084000000|  0%| F|  |TAMS 0x0000000083f00000, 0x0000000083f00000| Untracked 
|  64|0x0000000084000000, 0x0000000084000000, 0x0000000084100000|  0%| F|  |TAMS 0x0000000084000000, 0x0000000084000000| Untracked 
|  65|0x0000000084100000, 0x0000000084100000, 0x0000000084200000|  0%| F|  |TAMS 0x0000000084100000, 0x0000000084100000| Untracked 
|  66|0x0000000084200000, 0x0000000084200000, 0x0000000084300000|  0%| F|  |TAMS 0x0000000084200000, 0x0000000084200000| Untracked 
|  67|0x0000000084300000, 0x0000000084300000, 0x0000000084400000|  0%| F|  |TAMS 0x0000000084300000, 0x0000000084300000| Untracked 
|  68|0x0000000084400000, 0x0000000084400000, 0x0000000084500000|  0%| F|  |TAMS 0x0000000084400000, 0x0000000084400000| Untracked 
|  69|0x0000000084500000, 0x0000000084500000, 0x0000000084600000|  0%| F|  |TAMS 0x0000000084500000, 0x0000000084500000| Untracked 
|  70|0x0000000084600000, 0x0000000084600000, 0x0000000084700000|  0%| F|  |TAMS 0x0000000084600000, 0x0000000084600000| Untracked 
|  71|0x0000000084700000, 0x0000000084700000, 0x0000000084800000|  0%| F|  |TAMS 0x0000000084700000, 0x0000000084700000| Untracked 
|  72|0x0000000084800000, 0x0000000084800000, 0x0000000084900000|  0%| F|  |TAMS 0x0000000084800000, 0x0000000084800000| Untracked 
|  73|0x0000000084900000, 0x0000000084900000, 0x0000000084a00000|  0%| F|  |TAMS 0x0000000084900000, 0x0000000084900000| Untracked 
|  74|0x0000000084a00000, 0x0000000084a00000, 0x0000000084b00000|  0%| F|  |TAMS 0x0000000084a00000, 0x0000000084a00000| Untracked 
|  75|0x0000000084b00000, 0x0000000084b00000, 0x0000000084c00000|  0%| F|  |TAMS 0x0000000084b00000, 0x0000000084b00000| Untracked 
|  76|0x0000000084c00000, 0x0000000084cbfee0, 0x0000000084d00000| 74%| S|CS|TAMS 0x0000000084c00000, 0x0000000084c00000| Complete 
|  77|0x0000000084d00000, 0x0000000084e00000, 0x0000000084e00000|100%| S|CS|TAMS 0x0000000084d00000, 0x0000000084d00000| Complete 
|  78|0x0000000084e00000, 0x0000000084f00000, 0x0000000084f00000|100%| S|CS|TAMS 0x0000000084e00000, 0x0000000084e00000| Complete 
|  79|0x0000000084f00000, 0x0000000085000000, 0x0000000085000000|100%| S|CS|TAMS 0x0000000084f00000, 0x0000000084f00000| Complete 
|  80|0x0000000085000000, 0x0000000085100000, 0x0000000085100000|100%| S|CS|TAMS 0x0000000085000000, 0x0000000085000000| Complete 
|  81|0x0000000085100000, 0x0000000085100000, 0x0000000085200000|  0%| F|  |TAMS 0x0000000085100000, 0x0000000085100000| Untracked 
|  82|0x0000000085200000, 0x0000000085200000, 0x0000000085300000|  0%| F|  |TAMS 0x0000000085200000, 0x0000000085200000| Untracked 
|  83|0x0000000085300000, 0x0000000085300000, 0x0000000085400000|  0%| F|  |TAMS 0x0000000085300000, 0x0000000085300000| Untracked 
|  84|0x0000000085400000, 0x0000000085400000, 0x0000000085500000|  0%| F|  |TAMS 0x0000000085400000, 0x0000000085400000| Untracked 
|  85|0x0000000085500000, 0x0000000085500000, 0x0000000085600000|  0%| F|  |TAMS 0x0000000085500000, 0x0000000085500000| Untracked 
|  86|0x0000000085600000, 0x0000000085600000, 0x0000000085700000|  0%| F|  |TAMS 0x0000000085600000, 0x0000000085600000| Untracked 
|  87|0x0000000085700000, 0x0000000085700000, 0x0000000085800000|  0%| F|  |TAMS 0x0000000085700000, 0x0000000085700000| Untracked 
|  88|0x0000000085800000, 0x0000000085800000, 0x0000000085900000|  0%| F|  |TAMS 0x0000000085800000, 0x0000000085800000| Untracked 
|  89|0x0000000085900000, 0x0000000085900000, 0x0000000085a00000|  0%| F|  |TAMS 0x0000000085900000, 0x0000000085900000| Untracked 
|  90|0x0000000085a00000, 0x0000000085a00000, 0x0000000085b00000|  0%| F|  |TAMS 0x0000000085a00000, 0x0000000085a00000| Untracked 
|  91|0x0000000085b00000, 0x0000000085c00000, 0x0000000085c00000|100%| E|  |TAMS 0x0000000085b00000, 0x0000000085b00000| Complete 
|  92|0x0000000085c00000, 0x0000000085d00000, 0x0000000085d00000|100%| E|CS|TAMS 0x0000000085c00000, 0x0000000085c00000| Complete 
|  93|0x0000000085d00000, 0x0000000085e00000, 0x0000000085e00000|100%| E|CS|TAMS 0x0000000085d00000, 0x0000000085d00000| Complete 
|  94|0x0000000085e00000, 0x0000000085f00000, 0x0000000085f00000|100%| E|CS|TAMS 0x0000000085e00000, 0x0000000085e00000| Complete 
|  95|0x0000000085f00000, 0x0000000086000000, 0x0000000086000000|100%| E|CS|TAMS 0x0000000085f00000, 0x0000000085f00000| Complete 
|  96|0x0000000086000000, 0x0000000086100000, 0x0000000086100000|100%| E|CS|TAMS 0x0000000086000000, 0x0000000086000000| Complete 
|  97|0x0000000086100000, 0x0000000086200000, 0x0000000086200000|100%| E|CS|TAMS 0x0000000086100000, 0x0000000086100000| Complete 
|  98|0x0000000086200000, 0x0000000086300000, 0x0000000086300000|100%| E|CS|TAMS 0x0000000086200000, 0x0000000086200000| Complete 
|  99|0x0000000086300000, 0x0000000086400000, 0x0000000086400000|100%| E|CS|TAMS 0x0000000086300000, 0x0000000086300000| Complete 
| 100|0x0000000086400000, 0x0000000086500000, 0x0000000086500000|100%| E|CS|TAMS 0x0000000086400000, 0x0000000086400000| Complete 
| 101|0x0000000086500000, 0x0000000086600000, 0x0000000086600000|100%| E|CS|TAMS 0x0000000086500000, 0x0000000086500000| Complete 
| 102|0x0000000086600000, 0x0000000086700000, 0x0000000086700000|100%| E|CS|TAMS 0x0000000086600000, 0x0000000086600000| Complete 
| 103|0x0000000086700000, 0x0000000086800000, 0x0000000086800000|100%| E|CS|TAMS 0x0000000086700000, 0x0000000086700000| Complete 
| 104|0x0000000086800000, 0x0000000086900000, 0x0000000086900000|100%| E|CS|TAMS 0x0000000086800000, 0x0000000086800000| Complete 
| 105|0x0000000086900000, 0x0000000086a00000, 0x0000000086a00000|100%| E|CS|TAMS 0x0000000086900000, 0x0000000086900000| Complete 
| 106|0x0000000086a00000, 0x0000000086b00000, 0x0000000086b00000|100%| E|CS|TAMS 0x0000000086a00000, 0x0000000086a00000| Complete 
| 107|0x0000000086b00000, 0x0000000086c00000, 0x0000000086c00000|100%| E|CS|TAMS 0x0000000086b00000, 0x0000000086b00000| Complete 
| 108|0x0000000086c00000, 0x0000000086d00000, 0x0000000086d00000|100%| E|CS|TAMS 0x0000000086c00000, 0x0000000086c00000| Complete 
| 109|0x0000000086d00000, 0x0000000086e00000, 0x0000000086e00000|100%| E|CS|TAMS 0x0000000086d00000, 0x0000000086d00000| Complete 
| 110|0x0000000086e00000, 0x0000000086f00000, 0x0000000086f00000|100%| E|CS|TAMS 0x0000000086e00000, 0x0000000086e00000| Complete 
| 111|0x0000000086f00000, 0x0000000087000000, 0x0000000087000000|100%| E|CS|TAMS 0x0000000086f00000, 0x0000000086f00000| Complete 
| 112|0x0000000087000000, 0x0000000087100000, 0x0000000087100000|100%| E|CS|TAMS 0x0000000087000000, 0x0000000087000000| Complete 
| 113|0x0000000087100000, 0x0000000087200000, 0x0000000087200000|100%| E|CS|TAMS 0x0000000087100000, 0x0000000087100000| Complete 
| 114|0x0000000087200000, 0x0000000087300000, 0x0000000087300000|100%| E|CS|TAMS 0x0000000087200000, 0x0000000087200000| Complete 
| 115|0x0000000087300000, 0x0000000087400000, 0x0000000087400000|100%| E|CS|TAMS 0x0000000087300000, 0x0000000087300000| Complete 
| 116|0x0000000087400000, 0x0000000087500000, 0x0000000087500000|100%| E|CS|TAMS 0x0000000087400000, 0x0000000087400000| Complete 
| 117|0x0000000087500000, 0x0000000087600000, 0x0000000087600000|100%| E|CS|TAMS 0x0000000087500000, 0x0000000087500000| Complete 
| 118|0x0000000087600000, 0x0000000087700000, 0x0000000087700000|100%| E|CS|TAMS 0x0000000087600000, 0x0000000087600000| Complete 
| 119|0x0000000087700000, 0x0000000087800000, 0x0000000087800000|100%| E|CS|TAMS 0x0000000087700000, 0x0000000087700000| Complete 
| 120|0x0000000087800000, 0x0000000087900000, 0x0000000087900000|100%| E|CS|TAMS 0x0000000087800000, 0x0000000087800000| Complete 
| 121|0x0000000087900000, 0x0000000087a00000, 0x0000000087a00000|100%| E|CS|TAMS 0x0000000087900000, 0x0000000087900000| Complete 
| 122|0x0000000087a00000, 0x0000000087b00000, 0x0000000087b00000|100%| E|CS|TAMS 0x0000000087a00000, 0x0000000087a00000| Complete 
| 123|0x0000000087b00000, 0x0000000087c00000, 0x0000000087c00000|100%| E|CS|TAMS 0x0000000087b00000, 0x0000000087b00000| Complete 
| 124|0x0000000087c00000, 0x0000000087d00000, 0x0000000087d00000|100%| E|CS|TAMS 0x0000000087c00000, 0x0000000087c00000| Complete 
| 125|0x0000000087d00000, 0x0000000087e00000, 0x0000000087e00000|100%| E|CS|TAMS 0x0000000087d00000, 0x0000000087d00000| Complete 
| 126|0x0000000087e00000, 0x0000000087f00000, 0x0000000087f00000|100%| E|CS|TAMS 0x0000000087e00000, 0x0000000087e00000| Complete 
| 127|0x0000000087f00000, 0x0000000088000000, 0x0000000088000000|100%| E|CS|TAMS 0x0000000087f00000, 0x0000000087f00000| Complete 
| 128|0x0000000088000000, 0x0000000088100000, 0x0000000088100000|100%| E|CS|TAMS 0x0000000088000000, 0x0000000088000000| Complete 
| 129|0x0000000088100000, 0x0000000088200000, 0x0000000088200000|100%| E|CS|TAMS 0x0000000088100000, 0x0000000088100000| Complete 
| 130|0x0000000088200000, 0x0000000088300000, 0x0000000088300000|100%| E|CS|TAMS 0x0000000088200000, 0x0000000088200000| Complete 
| 131|0x0000000088300000, 0x0000000088400000, 0x0000000088400000|100%| E|CS|TAMS 0x0000000088300000, 0x0000000088300000| Complete 
| 132|0x0000000088400000, 0x0000000088500000, 0x0000000088500000|100%| E|CS|TAMS 0x0000000088400000, 0x0000000088400000| Complete 
| 133|0x0000000088500000, 0x0000000088600000, 0x0000000088600000|100%| E|CS|TAMS 0x0000000088500000, 0x0000000088500000| Complete 
| 134|0x0000000088600000, 0x0000000088700000, 0x0000000088700000|100%| E|CS|TAMS 0x0000000088600000, 0x0000000088600000| Complete 
| 135|0x0000000088700000, 0x0000000088800000, 0x0000000088800000|100%| E|CS|TAMS 0x0000000088700000, 0x0000000088700000| Complete 
| 136|0x0000000088800000, 0x0000000088900000, 0x0000000088900000|100%| E|CS|TAMS 0x0000000088800000, 0x0000000088800000| Complete 
| 137|0x0000000088900000, 0x0000000088a00000, 0x0000000088a00000|100%| E|CS|TAMS 0x0000000088900000, 0x0000000088900000| Complete 
| 138|0x0000000088a00000, 0x0000000088b00000, 0x0000000088b00000|100%| E|CS|TAMS 0x0000000088a00000, 0x0000000088a00000| Complete 
| 139|0x0000000088b00000, 0x0000000088c00000, 0x0000000088c00000|100%| E|CS|TAMS 0x0000000088b00000, 0x0000000088b00000| Complete 
| 140|0x0000000088c00000, 0x0000000088d00000, 0x0000000088d00000|100%| E|CS|TAMS 0x0000000088c00000, 0x0000000088c00000| Complete 
| 141|0x0000000088d00000, 0x0000000088e00000, 0x0000000088e00000|100%| E|CS|TAMS 0x0000000088d00000, 0x0000000088d00000| Complete 

Card table byte_map: [0x000001a695810000,0x000001a695c10000] _byte_map_base: 0x000001a695410000

Marking Bits (Prev, Next): (CMBitMap*) 0x000001a6823e0960, (CMBitMap*) 0x000001a6823e0928
 Prev Bits: [0x000001a698010000, 0x000001a69a010000)
 Next Bits: [0x000001a696010000, 0x000001a698010000)

Polling page: 0x000001a680130000

Metaspace:

Usage:
  Non-class:     63.65 MB capacity,    62.65 MB ( 98%) used,   843.53 KB (  1%) free+waste,   182.06 KB ( <1%) overhead. 
      Class:      9.95 MB capacity,     9.36 MB ( 94%) used,   516.32 KB (  5%) free+waste,    84.63 KB ( <1%) overhead. 
       Both:     73.60 MB capacity,    72.01 MB ( 98%) used,     1.33 MB (  2%) free+waste,   266.69 KB ( <1%) overhead. 

Virtual space:
  Non-class space:       64.00 MB reserved,      63.75 MB (>99%) committed 
      Class space:        1.00 GB reserved,       9.99 MB ( <1%) committed 
             Both:        1.06 GB reserved,      73.74 MB (  7%) committed 

Chunk freelists:
   Non-Class:  38.00 KB
       Class:  21.00 KB
        Both:  59.00 KB

MaxMetaspaceSize: 17179869184.00 GB
CompressedClassSpaceSize: 1.00 GB
Initial GC threshold: 20.80 MB
Current GC threshold: 98.11 MB
CDS: off

CodeHeap 'non-profiled nmethods': size=120000Kb used=4191Kb max_used=4191Kb free=115808Kb
 bounds [0x000001a68d980000, 0x000001a68dda0000, 0x000001a694eb0000]
CodeHeap 'profiled nmethods': size=120000Kb used=15120Kb max_used=15120Kb free=104879Kb
 bounds [0x000001a686450000, 0x000001a687320000, 0x000001a68d980000]
CodeHeap 'non-nmethods': size=5760Kb used=2356Kb max_used=2410Kb free=3403Kb
 bounds [0x000001a685eb0000, 0x000001a686120000, 0x000001a686450000]
 total_blobs=7902 nmethods=7037 adapters=777
 compilation: enabled
              stopped_count=0, restarted_count=0
 full_count=0

Compilation events (20 events):
Event: 14.496 Thread 0x000001a69d50d800 7086       3       org.gradle.util.internal.CollectionUtils::collectArray (17 bytes)
Event: 14.496 Thread 0x000001a69d50d800 nmethod 7086 0x000001a68730cf90 code [0x000001a68730d160, 0x000001a68730d3f8]
Event: 14.496 Thread 0x000001a69d50d800 7082       3       com.google.common.collect.LinkedHashMultimap$ValueSet::mask (8 bytes)
Event: 14.496 Thread 0x000001a69d50d800 nmethod 7082 0x000001a68730d590 code [0x000001a68730d740, 0x000001a68730d858]
Event: 14.496 Thread 0x000001a69d50d800 7084       3       com.google.common.collect.Hashing::needsResizing (22 bytes)
Event: 14.496 Thread 0x000001a69d50d800 nmethod 7084 0x000001a68730d910 code [0x000001a68730dac0, 0x000001a68730dc78]
Event: 14.518 Thread 0x000001a69d50d800 7088       3       java.util.ArrayDeque::dec (13 bytes)
Event: 14.519 Thread 0x000001a69d50d800 nmethod 7088 0x000001a68730dd10 code [0x000001a68730dec0, 0x000001a68730dfd8]
Event: 14.521 Thread 0x000001a69d50d800 7090       3       org.gradle.cache.internal.DefaultCrossBuildInMemoryCacheFactory$DefaultCrossBuildInMemoryCache::maybeGetRetainedValue (25 bytes)
Event: 14.522 Thread 0x000001a69d50d800 nmethod 7090 0x000001a68730e090 code [0x000001a68730e260, 0x000001a68730e618]
Event: 14.522 Thread 0x000001a69d50d800 7091       3       org.gradle.internal.reflect.ClassInspector::visitGraph (98 bytes)
Event: 14.524 Thread 0x000001a69d50d800 nmethod 7091 0x000001a68730e710 code [0x000001a68730ea60, 0x000001a68730fec8]
Event: 14.525 Thread 0x000001a69d50d800 7092       3       java.lang.Class::getProtectionDomain (63 bytes)
Event: 14.526 Thread 0x000001a69d50d800 nmethod 7092 0x000001a687310690 code [0x000001a687310900, 0x000001a687311108]
Event: 14.528 Thread 0x000001a69d50d800 7094       1       org.gradle.api.internal.DefaultMutationGuard::access$000 (5 bytes)
Event: 14.528 Thread 0x000001a69d50d800 nmethod 7094 0x000001a68dd97690 code [0x000001a68dd97840, 0x000001a68dd978d8]
Event: 14.528 Thread 0x000001a69d50d800 7095       3       org.gradle.api.internal.provider.AbstractProperty::disallowChanges (8 bytes)
Event: 14.528 Thread 0x000001a69d50d800 nmethod 7095 0x000001a687311390 code [0x000001a687311540, 0x000001a687311708]
Event: 14.528 Thread 0x000001a69d50d800 7096       3       org.gradle.api.internal.provider.AbstractProperty$NonFinalizedValue::disallowChanges (6 bytes)
Event: 14.528 Thread 0x000001a69d50d800 nmethod 7096 0x000001a687311810 code [0x000001a6873119c0, 0x000001a687311ab8]

GC Heap History (20 events):
Event: 3.667 GC heap before
{Heap before GC invocations=4 (full 0):
 garbage-first heap   total 120832K, used 67615K [0x0000000080000000, 0x0000000100000000)
  region size 1024K, 51 young (52224K), 2 survivors (2048K)
 Metaspace       used 26037K, capacity 26559K, committed 26752K, reserved 1073152K
  class space    used 3373K, capacity 3587K, committed 3712K, reserved 1048576K
}
Event: 3.670 GC heap after
{Heap after GC invocations=5 (full 0):
 garbage-first heap   total 120832K, used 19111K [0x0000000080000000, 0x0000000100000000)
  region size 1024K, 4 young (4096K), 4 survivors (4096K)
 Metaspace       used 26037K, capacity 26559K, committed 26752K, reserved 1073152K
  class space    used 3373K, capacity 3587K, committed 3712K, reserved 1048576K
}
Event: 4.473 GC heap before
{Heap before GC invocations=5 (full 0):
 garbage-first heap   total 120832K, used 73383K [0x0000000080000000, 0x0000000100000000)
  region size 1024K, 57 young (58368K), 4 survivors (4096K)
 Metaspace       used 31824K, capacity 32561K, committed 32768K, reserved 1077248K
  class space    used 4269K, capacity 4553K, committed 4608K, reserved 1048576K
}
Event: 4.477 GC heap after
{Heap after GC invocations=6 (full 0):
 garbage-first heap   total 120832K, used 21071K [0x0000000080000000, 0x0000000100000000)
  region size 1024K, 6 young (6144K), 6 survivors (6144K)
 Metaspace       used 31824K, capacity 32561K, committed 32768K, reserved 1077248K
  class space    used 4269K, capacity 4553K, committed 4608K, reserved 1048576K
}
Event: 4.681 GC heap before
{Heap before GC invocations=6 (full 0):
 garbage-first heap   total 120832K, used 27215K [0x0000000080000000, 0x0000000100000000)
  region size 1024K, 13 young (13312K), 6 survivors (6144K)
 Metaspace       used 34897K, capacity 35659K, committed 35840K, reserved 1081344K
  class space    used 4534K, capacity 4839K, committed 4864K, reserved 1048576K
}
Event: 4.691 GC heap after
{Heap after GC invocations=7 (full 0):
 garbage-first heap   total 120832K, used 22723K [0x0000000080000000, 0x0000000100000000)
  region size 1024K, 6 young (6144K), 6 survivors (6144K)
 Metaspace       used 34897K, capacity 35659K, committed 35840K, reserved 1081344K
  class space    used 4534K, capacity 4839K, committed 4864K, reserved 1048576K
}
Event: 5.419 GC heap before
{Heap before GC invocations=8 (full 0):
 garbage-first heap   total 120832K, used 85187K [0x0000000080000000, 0x0000000100000000)
  region size 1024K, 65 young (66560K), 6 survivors (6144K)
 Metaspace       used 39688K, capacity 40623K, committed 40832K, reserved 1085440K
  class space    used 5091K, capacity 5425K, committed 5504K, reserved 1048576K
}
Event: 5.428 GC heap after
{Heap after GC invocations=9 (full 0):
 garbage-first heap   total 145408K, used 27759K [0x0000000080000000, 0x0000000100000000)
  region size 1024K, 9 young (9216K), 9 survivors (9216K)
 Metaspace       used 39688K, capacity 40623K, committed 40832K, reserved 1085440K
  class space    used 5091K, capacity 5425K, committed 5504K, reserved 1048576K
}
Event: 6.603 GC heap before
{Heap before GC invocations=9 (full 0):
 garbage-first heap   total 145408K, used 98415K [0x0000000080000000, 0x0000000100000000)
  region size 1024K, 78 young (79872K), 9 survivors (9216K)
 Metaspace       used 45958K, capacity 46980K, committed 47104K, reserved 1089536K
  class space    used 5918K, capacity 6318K, committed 6400K, reserved 1048576K
}
Event: 6.611 GC heap after
{Heap after GC invocations=10 (full 0):
 garbage-first heap   total 145408K, used 30368K [0x0000000080000000, 0x0000000100000000)
  region size 1024K, 8 young (8192K), 8 survivors (8192K)
 Metaspace       used 45958K, capacity 46980K, committed 47104K, reserved 1089536K
  class space    used 5918K, capacity 6318K, committed 6400K, reserved 1048576K
}
Event: 8.153 GC heap before
{Heap before GC invocations=10 (full 0):
 garbage-first heap   total 145408K, used 109216K [0x0000000080000000, 0x0000000100000000)
  region size 1024K, 82 young (83968K), 8 survivors (8192K)
 Metaspace       used 48797K, capacity 50043K, committed 50048K, reserved 1093632K
  class space    used 6277K, capacity 6780K, committed 6784K, reserved 1048576K
}
Event: 8.164 GC heap after
{Heap after GC invocations=11 (full 0):
 garbage-first heap   total 145408K, used 42800K [0x0000000080000000, 0x0000000100000000)
  region size 1024K, 11 young (11264K), 11 survivors (11264K)
 Metaspace       used 48797K, capacity 50043K, committed 50048K, reserved 1093632K
  class space    used 6277K, capacity 6780K, committed 6784K, reserved 1048576K
}
Event: 9.685 GC heap before
{Heap before GC invocations=11 (full 0):
 garbage-first heap   total 145408K, used 107312K [0x0000000080000000, 0x0000000100000000)
  region size 1024K, 74 young (75776K), 11 survivors (11264K)
 Metaspace       used 57722K, capacity 59111K, committed 59392K, reserved 1101824K
  class space    used 7321K, capacity 7852K, committed 7936K, reserved 1048576K
}
Event: 9.695 GC heap after
{Heap after GC invocations=12 (full 0):
 garbage-first heap   total 145408K, used 46274K [0x0000000080000000, 0x0000000100000000)
  region size 1024K, 4 young (4096K), 4 survivors (4096K)
 Metaspace       used 57722K, capacity 59111K, committed 59392K, reserved 1101824K
  class space    used 7321K, capacity 7852K, committed 7936K, reserved 1048576K
}
Event: 9.913 GC heap before
{Heap before GC invocations=12 (full 0):
 garbage-first heap   total 145408K, used 51394K [0x0000000080000000, 0x0000000100000000)
  region size 1024K, 10 young (10240K), 4 survivors (4096K)
 Metaspace       used 58452K, capacity 59883K, committed 59904K, reserved 1101824K
  class space    used 7403K, capacity 7933K, committed 7936K, reserved 1048576K
}
Event: 9.918 GC heap after
{Heap after GC invocations=13 (full 0):
 garbage-first heap   total 145408K, used 45896K [0x0000000080000000, 0x0000000100000000)
  region size 1024K, 3 young (3072K), 3 survivors (3072K)
 Metaspace       used 58452K, capacity 59883K, committed 59904K, reserved 1101824K
  class space    used 7403K, capacity 7933K, committed 7936K, reserved 1048576K
}
Event: 11.582 GC heap before
{Heap before GC invocations=14 (full 0):
 garbage-first heap   total 145408K, used 110408K [0x0000000080000000, 0x0000000100000000)
  region size 1024K, 67 young (68608K), 3 survivors (3072K)
 Metaspace       used 65124K, capacity 66547K, committed 66680K, reserved 1107968K
  class space    used 8231K, capacity 8785K, committed 8824K, reserved 1048576K
}
Event: 11.590 GC heap after
{Heap after GC invocations=15 (full 0):
 garbage-first heap   total 145408K, used 51009K [0x0000000080000000, 0x0000000100000000)
  region size 1024K, 8 young (8192K), 8 survivors (8192K)
 Metaspace       used 65124K, capacity 66547K, committed 66680K, reserved 1107968K
  class space    used 8231K, capacity 8785K, committed 8824K, reserved 1048576K
}
Event: 12.697 GC heap before
{Heap before GC invocations=15 (full 0):
 garbage-first heap   total 145408K, used 113473K [0x0000000080000000, 0x0000000100000000)
  region size 1024K, 69 young (70656K), 8 survivors (8192K)
 Metaspace       used 68215K, capacity 69769K, committed 70008K, reserved 1110016K
  class space    used 8664K, capacity 9253K, committed 9336K, reserved 1048576K
}
Event: 12.705 GC heap after
{Heap after GC invocations=16 (full 0):
 garbage-first heap   total 145408K, used 55530K [0x0000000080000000, 0x0000000100000000)
  region size 1024K, 5 young (5120K), 5 survivors (5120K)
 Metaspace       used 68215K, capacity 69769K, committed 70008K, reserved 1110016K
  class space    used 8664K, capacity 9253K, committed 9336K, reserved 1048576K
}

Deoptimization events (20 events):
Event: 14.337 Thread 0x000001a69f439000 DEOPT PACKING pc=0x000001a6870d9da7 sp=0x0000009d506f9710
Event: 14.337 Thread 0x000001a69f439000 DEOPT UNPACKING pc=0x000001a685efa95e sp=0x0000009d506f8bc0 mode 0
Event: 14.435 Thread 0x000001a69f439000 DEOPT PACKING pc=0x000001a68704864d sp=0x0000009d506f8db0
Event: 14.435 Thread 0x000001a69f439000 DEOPT UNPACKING pc=0x000001a685efa95e sp=0x0000009d506f8350 mode 0
Event: 14.449 Thread 0x000001a69f439000 Uncommon trap: trap_request=0xffffff4d fr.pc=0x000001a68d9f3df8 relative=0x00000000000009f8
Event: 14.449 Thread 0x000001a69f439000 Uncommon trap: reason=unstable_if action=reinterpret pc=0x000001a68d9f3df8 method=java.util.HashMap.resize()[Ljava/util/HashMap$Node; @ 203 c2
Event: 14.449 Thread 0x000001a69f439000 DEOPT PACKING pc=0x000001a68d9f3df8 sp=0x0000009d506f9470
Event: 14.449 Thread 0x000001a69f439000 DEOPT UNPACKING pc=0x000001a685efa1af sp=0x0000009d506f9410 mode 2
Event: 14.449 Thread 0x000001a69f439000 Uncommon trap: trap_request=0xffffff4d fr.pc=0x000001a68dcf7db0 relative=0x0000000000002b30
Event: 14.449 Thread 0x000001a69f439000 Uncommon trap: reason=unstable_if action=reinterpret pc=0x000001a68dcf7db0 method=java.util.HashMap.getNode(ILjava/lang/Object;)Ljava/util/HashMap$Node; @ 84 c2
Event: 14.449 Thread 0x000001a69f439000 DEOPT PACKING pc=0x000001a68dcf7db0 sp=0x0000009d506f9510
Event: 14.449 Thread 0x000001a69f439000 DEOPT UNPACKING pc=0x000001a685efa1af sp=0x0000009d506f9408 mode 2
Event: 14.449 Thread 0x000001a69f439000 Uncommon trap: trap_request=0xffffff4d fr.pc=0x000001a68dcff210 relative=0x00000000000002d0
Event: 14.449 Thread 0x000001a69f439000 Uncommon trap: reason=unstable_if action=reinterpret pc=0x000001a68dcff210 method=java.util.HashMap.getNode(ILjava/lang/Object;)Ljava/util/HashMap$Node; @ 84 c2
Event: 14.449 Thread 0x000001a69f439000 DEOPT PACKING pc=0x000001a68dcff210 sp=0x0000009d506f94d0
Event: 14.449 Thread 0x000001a69f439000 DEOPT UNPACKING pc=0x000001a685efa1af sp=0x0000009d506f93f0 mode 2
Event: 14.449 Thread 0x000001a69f439000 Uncommon trap: trap_request=0xffffff4d fr.pc=0x000001a68dbe4268 relative=0x00000000000001a8
Event: 14.449 Thread 0x000001a69f439000 Uncommon trap: reason=unstable_if action=reinterpret pc=0x000001a68dbe4268 method=java.util.HashMap.getNode(ILjava/lang/Object;)Ljava/util/HashMap$Node; @ 84 c2
Event: 14.449 Thread 0x000001a69f439000 DEOPT PACKING pc=0x000001a68dbe4268 sp=0x0000009d506f9470
Event: 14.449 Thread 0x000001a69f439000 DEOPT UNPACKING pc=0x000001a685efa1af sp=0x0000009d506f93f8 mode 2

Classes redefined (0 events):
No events

Internal exceptions (20 events):
Event: 12.237 Thread 0x000001a69f439000 Exception <a 'java/lang/ClassNotFoundException'{0x00000000863f0d68}: org/gradle/api/JavaVersionBeanInfo> (0x00000000863f0d68) thrown at [./src/hotspot/share/classfile/systemDictionary.cpp, line 231]
Event: 12.238 Thread 0x000001a69f439000 Exception <a 'java/lang/ClassNotFoundException'{0x000000008621c0d8}: org/gradle/api/JavaVersionCustomizer> (0x000000008621c0d8) thrown at [./src/hotspot/share/classfile/systemDictionary.cpp, line 231]
Event: 12.243 Thread 0x000001a69f439000 Exception <a 'java/lang/ClassNotFoundException'{0x0000000086283c78}: com/android/build/gradle/internal/CompileOptions$AgpDecorated_DecoratedBeanInfo> (0x0000000086283c78) thrown at [./src/hotspot/share/classfile/systemDictionary.cpp, line 231]
Event: 12.245 Thread 0x000001a69f439000 Exception <a 'java/lang/ClassNotFoundException'{0x000000008629f678}: com/android/build/gradle/internal/CompileOptions$AgpDecoratedBeanInfo> (0x000000008629f678) thrown at [./src/hotspot/share/classfile/systemDictionary.cpp, line 231]
Event: 12.245 Thread 0x000001a69f439000 Exception <a 'java/lang/ClassNotFoundException'{0x00000000862b9228}: com/android/build/gradle/internal/CompileOptionsBeanInfo> (0x00000000862b9228) thrown at [./src/hotspot/share/classfile/systemDictionary.cpp, line 231]
Event: 12.246 Thread 0x000001a69f439000 Exception <a 'java/lang/ClassNotFoundException'{0x00000000862d33c8}: com/android/build/gradle/internal/CompileOptionsCustomizer> (0x00000000862d33c8) thrown at [./src/hotspot/share/classfile/systemDictionary.cpp, line 231]
Event: 12.248 Thread 0x000001a69f439000 Exception <a 'java/lang/ClassNotFoundException'{0x00000000862faa80}: com/android/build/gradle/internal/CompileOptions$AgpDecoratedCustomizer> (0x00000000862faa80) thrown at [./src/hotspot/share/classfile/systemDictionary.cpp, line 231]
Event: 12.250 Thread 0x000001a69f439000 Exception <a 'java/lang/ClassNotFoundException'{0x0000000086125ba0}: com/android/build/gradle/internal/CompileOptions$AgpDecorated_DecoratedCustomizer> (0x0000000086125ba0) thrown at [./src/hotspot/share/classfile/systemDictionary.cpp, line 231]
Event: 12.260 Thread 0x000001a69f439000 Exception <a 'java/lang/ClassNotFoundException'{0x00000000861e5958}: org/gradle/api/internal/artifacts/dsl/dependencies/DefaultDependencyHandler_DecoratedBeanInfo> (0x00000000861e5958) thrown at [./src/hotspot/share/classfile/systemDictionary.cpp, line 231]
Event: 12.262 Thread 0x000001a69f439000 Exception <a 'java/lang/ClassNotFoundException'{0x000000008602ef60}: org/gradle/api/internal/artifacts/dsl/dependencies/DefaultDependencyHandlerBeanInfo> (0x000000008602ef60) thrown at [./src/hotspot/share/classfile/systemDictionary.cpp, line 231]
Event: 12.265 Thread 0x000001a69f439000 Exception <a 'java/lang/ClassNotFoundException'{0x0000000086077a20}: org/gradle/api/internal/artifacts/dsl/dependencies/DefaultDependencyHandlerCustomizer> (0x0000000086077a20) thrown at [./src/hotspot/share/classfile/systemDictionary.cpp, line 231]
Event: 12.269 Thread 0x000001a69f439000 Exception <a 'java/lang/ClassNotFoundException'{0x00000000860e7a40}: org/gradle/api/internal/artifacts/dsl/dependencies/DefaultDependencyHandler_DecoratedCustomizer> (0x00000000860e7a40) thrown at [./src/hotspot/share/classfile/systemDictionary.cpp, line 231]
Event: 13.921 Thread 0x000001a69f439000 Exception <a 'java/lang/ClassNotFoundException'{0x0000000086e6e680}: com/android/build/gradle/internal/api/ApkVariantOutputImpl_DecoratedBeanInfo> (0x0000000086e6e680) thrown at [./src/hotspot/share/classfile/systemDictionary.cpp, line 231]
Event: 13.922 Thread 0x000001a69f439000 Exception <a 'java/lang/ClassNotFoundException'{0x0000000086e89128}: com/android/build/gradle/internal/api/ApkVariantOutputImplBeanInfo> (0x0000000086e89128) thrown at [./src/hotspot/share/classfile/systemDictionary.cpp, line 231]
Event: 13.923 Thread 0x000001a69f439000 Exception <a 'java/lang/ClassNotFoundException'{0x0000000086ea4198}: com/android/build/gradle/internal/api/BaseVariantOutputImplBeanInfo> (0x0000000086ea4198) thrown at [./src/hotspot/share/classfile/systemDictionary.cpp, line 231]
Event: 13.924 Thread 0x000001a69f439000 Exception <a 'java/lang/ClassNotFoundException'{0x0000000086ebf270}: com/android/build/gradle/internal/api/BaseVariantOutputImplCustomizer> (0x0000000086ebf270) thrown at [./src/hotspot/share/classfile/systemDictionary.cpp, line 231]
Event: 13.927 Thread 0x000001a69f439000 Exception <a 'java/lang/ClassNotFoundException'{0x0000000086eec9e0}: com/android/build/gradle/internal/api/ApkVariantOutputImplCustomizer> (0x0000000086eec9e0) thrown at [./src/hotspot/share/classfile/systemDictionary.cpp, line 231]
Event: 13.929 Thread 0x000001a69f439000 Exception <a 'java/lang/ClassNotFoundException'{0x0000000086d16ed0}: com/android/build/gradle/internal/api/ApkVariantOutputImpl_DecoratedCustomizer> (0x0000000086d16ed0) thrown at [./src/hotspot/share/classfile/systemDictionary.cpp, line 231]
Event: 13.958 Thread 0x000001a69f439000 Exception <a 'java/lang/NoClassDefFoundError'{0x0000000086c825c8}: org/jetbrains/kotlin/gradle/plugin/KotlinBasePluginWrapper> (0x0000000086c825c8) thrown at [./src/hotspot/share/classfile/systemDictionary.cpp, line 220]
Event: 14.075 Thread 0x000001a69f439000 Implicit null exception at 0x000001a68dbd7d31 to 0x000001a68dbd84ec

Events (20 events):
Event: 14.528 loading class com/android/build/gradle/internal/tasks/ValidateSigningTask$CreationAction$configure$1
Event: 14.528 loading class com/android/build/gradle/internal/tasks/ValidateSigningTask$CreationAction$configure$1 done
Event: 14.529 loading class com/android/build/gradle/internal/tasks/ValidateSigningTask$CreationAction$configure$2
Event: 14.529 loading class com/android/build/gradle/internal/tasks/ValidateSigningTask$CreationAction$configure$2 done
Event: 14.531 loading class org/gradle/api/internal/TaskOutputsInternal
Event: 14.531 loading class org/gradle/api/internal/TaskOutputsInternal done
Event: 14.531 loading class org/gradle/api/specs/Spec
Event: 14.531 loading class org/gradle/api/specs/Spec done
Event: 14.532 loading class org/gradle/api/internal/tasks/DefaultTaskOutputs
Event: 14.532 loading class org/gradle/api/internal/tasks/DefaultTaskOutputs done
Event: 14.533 loading class com/android/build/gradle/internal/scope/InternalArtifactType$DATA_BINDING_TRIGGER
Event: 14.533 loading class com/android/build/gradle/internal/scope/InternalArtifactType$DATA_BINDING_TRIGGER done
Event: 14.533 loading class com/android/build/gradle/internal/scope/InternalArtifactType$DATA_BINDING_EXPORT_CLASS_LIST
Event: 14.533 loading class com/android/build/gradle/internal/scope/InternalArtifactType$DATA_BINDING_EXPORT_CLASS_LIST done
Event: 14.534 loading class com/android/build/gradle/internal/scope/InternalArtifactType$DATA_BINDING_DEPENDENCY_ARTIFACTS
Event: 14.534 loading class com/android/build/gradle/internal/scope/InternalArtifactType$DATA_BINDING_DEPENDENCY_ARTIFACTS done
Event: 14.535 loading class com/android/build/gradle/internal/scope/InternalArtifactType$DATA_BINDING_BASE_CLASS_LOGS_DEPENDENCY_ARTIFACTS
Event: 14.535 loading class com/android/build/gradle/internal/scope/InternalArtifactType$DATA_BINDING_BASE_CLASS_LOGS_DEPENDENCY_ARTIFACTS done
Event: 14.536 loading class com/android/build/gradle/internal/scope/InternalArtifactType$ANNOTATIONS_ZIP
Event: 14.536 loading class com/android/build/gradle/internal/scope/InternalArtifactType$ANNOTATIONS_ZIP done


Dynamic libraries:
0x00007ff747a90000 - 0x00007ff747a9a000 	C:\Program Files\Android\Android Studio\jre\bin\java.exe
0x00007ffb7b920000 - 0x00007ffb7bb29000 	C:\WINDOWS\SYSTEM32\ntdll.dll
0x00007ffb7a4c0000 - 0x00007ffb7a57d000 	C:\WINDOWS\System32\KERNEL32.DLL
0x00007ffb791f0000 - 0x00007ffb7956c000 	C:\WINDOWS\System32\KERNELBASE.dll
0x00007ffb78ec0000 - 0x00007ffb78fd1000 	C:\WINDOWS\System32\ucrtbase.dll
0x00007ffb6cd00000 - 0x00007ffb6cd19000 	C:\Program Files\Android\Android Studio\jre\bin\jli.dll
0x00007ffb6c730000 - 0x00007ffb6c747000 	C:\Program Files\Android\Android Studio\jre\bin\VCRUNTIME140.dll
0x00007ffb7a7f0000 - 0x00007ffb7a99d000 	C:\WINDOWS\System32\USER32.dll
0x00007ffb63c00000 - 0x00007ffb63ea5000 	C:\WINDOWS\WinSxS\amd64_microsoft.windows.common-controls_6595b64144ccf1df_6.0.22000.120_none_9d947278b86cc467\COMCTL32.dll
0x00007ffb79570000 - 0x00007ffb79596000 	C:\WINDOWS\System32\win32u.dll
0x00007ffb7b690000 - 0x00007ffb7b733000 	C:\WINDOWS\System32\msvcrt.dll
0x00007ffb79c20000 - 0x00007ffb79c49000 	C:\WINDOWS\System32\GDI32.dll
0x00007ffb79690000 - 0x00007ffb797a9000 	C:\WINDOWS\System32\gdi32full.dll
0x00007ffb79150000 - 0x00007ffb791ed000 	C:\WINDOWS\System32\msvcp_win.dll
0x00007ffb79e70000 - 0x00007ffb79ea1000 	C:\WINDOWS\System32\IMM32.DLL
0x00007ffb50610000 - 0x00007ffb506ad000 	C:\Program Files\Android\Android Studio\jre\bin\msvcp140.dll
0x00007ffb1b450000 - 0x00007ffb1bf35000 	C:\Program Files\Android\Android Studio\jre\bin\server\jvm.dll
0x00007ffb7a0b0000 - 0x00007ffb7a15e000 	C:\WINDOWS\System32\ADVAPI32.dll
0x00007ffb79cb0000 - 0x00007ffb79d4e000 	C:\WINDOWS\System32\sechost.dll
0x00007ffb79d50000 - 0x00007ffb79e70000 	C:\WINDOWS\System32\RPCRT4.dll
0x00007ffb7b160000 - 0x00007ffb7b168000 	C:\WINDOWS\System32\PSAPI.DLL
0x00007ffb6d210000 - 0x00007ffb6d219000 	C:\WINDOWS\SYSTEM32\WSOCK32.dll
0x00007ffb6ff80000 - 0x00007ffb6ff8a000 	C:\WINDOWS\SYSTEM32\VERSION.dll
0x00007ffb6ff40000 - 0x00007ffb6ff73000 	C:\WINDOWS\SYSTEM32\WINMM.dll
0x00007ffb7b2a0000 - 0x00007ffb7b30f000 	C:\WINDOWS\System32\WS2_32.dll
0x00007ffb77f40000 - 0x00007ffb77f58000 	C:\WINDOWS\SYSTEM32\kernel.appcore.dll
0x00007ffb617b0000 - 0x00007ffb617c1000 	C:\Program Files\Android\Android Studio\jre\bin\verify.dll
0x00007ffb6c8b0000 - 0x00007ffb6cad1000 	C:\WINDOWS\SYSTEM32\DBGHELP.DLL
0x00007ffb663a0000 - 0x00007ffb663d1000 	C:\WINDOWS\SYSTEM32\dbgcore.DLL
0x00007ffb79610000 - 0x00007ffb7968f000 	C:\WINDOWS\System32\bcryptPrimitives.dll
0x00007ffb5cda0000 - 0x00007ffb5cdc9000 	C:\Program Files\Android\Android Studio\jre\bin\java.dll
0x00007ffb6c720000 - 0x00007ffb6c72b000 	C:\Program Files\Android\Android Studio\jre\bin\jimage.dll
0x00007ffb5cd80000 - 0x00007ffb5cd98000 	C:\Program Files\Android\Android Studio\jre\bin\zip.dll
0x00007ffb7a9a0000 - 0x00007ffb7b158000 	C:\WINDOWS\System32\SHELL32.dll
0x00007ffb76f30000 - 0x00007ffb77798000 	C:\WINDOWS\SYSTEM32\windows.storage.dll
0x00007ffb7b310000 - 0x00007ffb7b689000 	C:\WINDOWS\System32\combase.dll
0x00007ffb76dc0000 - 0x00007ffb76f26000 	C:\WINDOWS\SYSTEM32\wintypes.dll
0x00007ffb7a360000 - 0x00007ffb7a44a000 	C:\WINDOWS\System32\SHCORE.dll
0x00007ffb7a450000 - 0x00007ffb7a4ad000 	C:\WINDOWS\System32\shlwapi.dll
0x00007ffb78d30000 - 0x00007ffb78d51000 	C:\WINDOWS\SYSTEM32\profapi.dll
0x00007ffb5cca0000 - 0x00007ffb5ccba000 	C:\Program Files\Android\Android Studio\jre\bin\net.dll
0x00007ffb73440000 - 0x00007ffb7354c000 	C:\WINDOWS\SYSTEM32\WINHTTP.dll
0x00007ffb78390000 - 0x00007ffb783f7000 	C:\WINDOWS\system32\mswsock.dll
0x00007ffb5c990000 - 0x00007ffb5c9a4000 	C:\Program Files\Android\Android Studio\jre\bin\nio.dll
0x00007ffb5cbb0000 - 0x00007ffb5cbd7000 	C:\Users\TAHER\.gradle\native\e1d6ef7f7dcc3fd88c89a11ec53ec762bb8ba0a96d01ffa2cd45eb1d1d8dd5c5\windows-amd64\native-platform.dll
0x00007ffb2f4c0000 - 0x00007ffb2f604000 	C:\Users\TAHER\.gradle\native\5664cfc778a61ccfe75a443a1ab52a65af34e5dc3c78e0209fed803814484fcb\windows-amd64\native-platform-file-events.dll
0x00007ffb62280000 - 0x00007ffb6228a000 	C:\Program Files\Android\Android Studio\jre\bin\management.dll
0x00007ffb62090000 - 0x00007ffb6209d000 	C:\Program Files\Android\Android Studio\jre\bin\management_ext.dll
0x00007ffb78650000 - 0x00007ffb78668000 	C:\WINDOWS\SYSTEM32\CRYPTSP.dll
0x00007ffb77ea0000 - 0x00007ffb77ed5000 	C:\WINDOWS\system32\rsaenh.dll
0x00007ffb78500000 - 0x00007ffb78529000 	C:\WINDOWS\SYSTEM32\USERENV.dll
0x00007ffb787e0000 - 0x00007ffb78807000 	C:\WINDOWS\SYSTEM32\bcrypt.dll
0x00007ffb78670000 - 0x00007ffb7867c000 	C:\WINDOWS\SYSTEM32\CRYPTBASE.dll
0x00007ffb779e0000 - 0x00007ffb77a0d000 	C:\WINDOWS\SYSTEM32\IPHLPAPI.DLL
0x00007ffb7a190000 - 0x00007ffb7a199000 	C:\WINDOWS\System32\NSI.dll
0x00007ffb71710000 - 0x00007ffb71729000 	C:\WINDOWS\SYSTEM32\dhcpcsvc6.DLL
0x00007ffb71d10000 - 0x00007ffb71d2e000 	C:\WINDOWS\SYSTEM32\dhcpcsvc.DLL
0x00007ffb77a10000 - 0x00007ffb77af8000 	C:\WINDOWS\SYSTEM32\DNSAPI.dll

dbghelp: loaded successfully - version: 4.0.5 - missing functions: none
symbol engine: initialized successfully - sym options: 0x614 - pdb path: .;C:\Program Files\Android\Android Studio\jre\bin;C:\WINDOWS\SYSTEM32;C:\WINDOWS\WinSxS\amd64_microsoft.windows.common-controls_6595b64144ccf1df_6.0.22000.120_none_9d947278b86cc467;C:\Program Files\Android\Android Studio\jre\bin\server;C:\Users\TAHER\.gradle\native\e1d6ef7f7dcc3fd88c89a11ec53ec762bb8ba0a96d01ffa2cd45eb1d1d8dd5c5\windows-amd64;C:\Users\TAHER\.gradle\native\5664cfc778a61ccfe75a443a1ab52a65af34e5dc3c78e0209fed803814484fcb\windows-amd64

VM Arguments:
jvm_args: --add-opens=java.base/java.util=ALL-UNNAMED --add-opens=java.base/java.lang=ALL-UNNAMED --add-opens=java.base/java.lang.invoke=ALL-UNNAMED --add-opens=java.base/java.util=ALL-UNNAMED --add-opens=java.prefs/java.util.prefs=ALL-UNNAMED --add-opens=java.prefs/java.util.prefs=ALL-UNNAMED --add-opens=java.base/java.nio.charset=ALL-UNNAMED --add-opens=java.base/java.net=ALL-UNNAMED --add-opens=java.base/java.util.concurrent.atomic=ALL-UNNAMED -Xmx2048m -Dfile.encoding=UTF-8 -Duser.country=IN -Duser.language=en -Duser.variant 
java_command: org.gradle.launcher.daemon.bootstrap.GradleDaemon 7.3.3
java_class_path (initial): C:\Users\TAHER\.gradle\wrapper\dists\gradle-7.3.3-bin\6a41zxkdtcxs8rphpq6y0069z\gradle-7.3.3\lib\gradle-launcher-7.3.3.jar
Launcher Type: SUN_STANDARD

[Global flags]
     intx CICompilerCount                          = 4                                         {product} {ergonomic}
     uint ConcGCThreads                            = 3                                         {product} {ergonomic}
     uint G1ConcRefinementThreads                  = 10                                        {product} {ergonomic}
   size_t G1HeapRegionSize                         = 1048576                                   {product} {ergonomic}
    uintx GCDrainStackTargetSize                   = 64                                        {product} {ergonomic}
   size_t InitialHeapSize                          = 123731968                                 {product} {ergonomic}
   size_t MarkStackSize                            = 4194304                                   {product} {ergonomic}
   size_t MaxHeapSize                              = 2147483648                                {product} {command line}
   size_t MaxNewSize                               = 1287651328                                {product} {ergonomic}
   size_t MinHeapDeltaBytes                        = 1048576                                   {product} {ergonomic}
    uintx NonNMethodCodeHeapSize                   = 5836300                                {pd product} {ergonomic}
    uintx NonProfiledCodeHeapSize                  = 122910970                              {pd product} {ergonomic}
    uintx ProfiledCodeHeapSize                     = 122910970                              {pd product} {ergonomic}
    uintx ReservedCodeCacheSize                    = 251658240                              {pd product} {ergonomic}
     bool SegmentedCodeCache                       = true                                      {product} {ergonomic}
     bool UseCompressedClassPointers               = true                                 {lp64_product} {ergonomic}
     bool UseCompressedOops                        = true                                 {lp64_product} {ergonomic}
     bool UseG1GC                                  = true                                      {product} {ergonomic}
     bool UseLargePagesIndividualAllocation        = false                                  {pd product} {ergonomic}

Logging:
Log output configuration:
 #0: stdout all=warning uptime,level,tags
 #1: stderr all=off uptime,level,tags

Environment Variables:
PATH=C:\WINDOWS\system32;C:\WINDOWS;C:\WINDOWS\System32\Wbem;C:\WINDOWS\System32\WindowsPowerShell\v1.0\;C:\WINDOWS\System32\OpenSSH\;C:\Program Files\dotnet\;C:\Program Files\Microsoft SQL Server\130\Tools\Binn\;C:\Program Files\Microsoft SQL Server\Client SDK\ODBC\170\Tools\Binn\;C:\xampp\php;C:\Program Files\Java\jdk-18\bin;C:\MinGW\bin;C:\Program Files\Java\jdk-13.0.2\bin;C:\Program Files (x86)\dotnet\;C:\Users\TAHER\AppData\Local\Programs\Python\Python310\Scripts\;C:\Users\TAHER\AppData\Local\Programs\Python\Python310\;C:\Users\TAHER\AppData\Local\Microsoft\WindowsApps;C:\Users\TAHER\AppData\Local\Programs\Microsoft VS Code\bin;C:\Users\TAHER\.dotnet\tools;C:\MinGW\bin;C:\Program Files\Java\jdk-13.0.2\bin;
USERNAME=TAHER
OS=Windows_NT
PROCESSOR_IDENTIFIER=AMD64 Family 23 Model 104 Stepping 1, AuthenticAMD



---------------  S Y S T E M  ---------------

OS: Windows 10 , 64 bit Build 22000 (10.0.22000.708)
OS uptime: 7 days 15:15 hours
Hyper-V role detected

CPU:total 12 (initial active 12) (12 cores per cpu, 2 threads per core) family 23 model 104 stepping 1 microcode 0x0, cmov, cx8, fxsr, mmx, sse, sse2, sse3, ssse3, sse4.1, sse4.2, popcnt, avx, avx2, aes, clmul, mmxext, 3dnowpref, lzcnt, sse4a, ht, tsc, tscinvbit, tscinv, bmi1, bmi2, adx, sha, fma

Memory: 4k page, system-wide physical 7541M (268M free)
TotalPageFile size 13685M (AvailPageFile size 2M)
current process WorkingSet (physical memory assigned to process): 371M, peak: 371M
current process commit charge ("private bytes"): 413M, peak: 413M

vm_info: OpenJDK 64-Bit Server VM (11.0.12+7-b1504.28-7817840) for windows-amd64 JRE (11.0.12+7-b1504.28-7817840), built on Oct 13 2021 22:12:33 by "builder" with MS VC++ 14.0 (VS2015)

END.
